[2025-02-13 19:50:12] INFO: [Mongoose] users.findOne {"email":"btsm2876@gmail.com"} {}
[2025-02-13 19:50:13] INFO: [Mongoose] users.updateOne {"_id":"67a541bc084d72c40c33cd7e","__v":14} {"$set":{"tokens":["eyJhbGciOiJIUzI1NiIsInR5cCI6IkpXVCJ9.eyJpZCI6IjY3YTU0MWJjMDg0ZDcyYzQwYzMzY2Q3ZSIsImVtYWlsIjoiYnRzbTI4NzZAZ21haWwuY29tIiwicm9sZSI6ImFkbWluIiwiaWF0IjoxNzM5NDcyNjEzLCJleHAiOjE3Mzk3MzE4MTN9.lPNMSlrZxAVtbJnvR-yxyA9hLkcX5a1YGUHDI8qmsCI"],"lastLogin":"2025-02-13T18:50:13.136Z","updatedAt":"2025-02-13T18:50:13.140Z"},"$inc":{"__v":1}}
[2025-02-13 19:54:32] INFO: [Mongoose] users.findOne {"email":"btsm2876@gmail.com"} {}
[2025-02-13 19:54:32] INFO: [Mongoose] users.updateOne {"_id":"67a541bc084d72c40c33cd7e","__v":15} {"$set":{"tokens":["eyJhbGciOiJIUzI1NiIsInR5cCI6IkpXVCJ9.eyJpZCI6IjY3YTU0MWJjMDg0ZDcyYzQwYzMzY2Q3ZSIsImVtYWlsIjoiYnRzbTI4NzZAZ21haWwuY29tIiwicm9sZSI6ImFkbWluIiwiaWF0IjoxNzM5NDcyODcyLCJleHAiOjE3Mzk3MzIwNzJ9.S3U4axWAKVQinHBVPaSKAQFLbKdhUnPvm884V13CVeU"],"lastLogin":"2025-02-13T18:54:32.591Z","updatedAt":"2025-02-13T18:54:32.593Z"},"$inc":{"__v":1}}
[2025-02-13 19:59:28] INFO: Database connection established
[2025-02-13 19:59:28] INFO: Server is listening on port 8080
[2025-02-13 19:59:32] INFO: [Mongoose] users.findOne {"email":"btsm2876@gmail.com"} {}
[2025-02-13 19:59:33] INFO: [Mongoose] users.updateOne {"_id":"67a541bc084d72c40c33cd7e","__v":16} {"$set":{"tokens":["eyJhbGciOiJIUzI1NiIsInR5cCI6IkpXVCJ9.eyJpZCI6IjY3YTU0MWJjMDg0ZDcyYzQwYzMzY2Q3ZSIsImVtYWlsIjoiYnRzbTI4NzZAZ21haWwuY29tIiwicm9sZSI6ImFkbWluIiwiaWF0IjoxNzM5NDczMTczLCJleHAiOjE3Mzk3MzIzNzN9.7OGh2P5qSsTyEju7mPupoaOgFtY7ln7RG4vt56iR_lo"],"lastLogin":"2025-02-13T18:59:33.063Z","updatedAt":"2025-02-13T18:59:33.068Z"},"$inc":{"__v":1}}
[2025-02-13 20:00:54] INFO: Database connection established
[2025-02-13 20:00:54] INFO: Server is listening on port 8080
[2025-02-13 20:01:10] INFO: [Mongoose] users.findOne {"email":"btsm2876@gmail.com"} {}
[2025-02-13 20:01:11] INFO: [Mongoose] users.updateOne {"_id":"67a541bc084d72c40c33cd7e","__v":17} {"$set":{"tokens":["eyJhbGciOiJIUzI1NiIsInR5cCI6IkpXVCJ9.eyJpZCI6IjY3YTU0MWJjMDg0ZDcyYzQwYzMzY2Q3ZSIsImVtYWlsIjoiYnRzbTI4NzZAZ21haWwuY29tIiwicm9sZSI6ImFkbWluIiwiaWF0IjoxNzM5NDczMjcxLCJleHAiOjE3Mzk3MzI0NzF9.DHwzCFMvX_0bRHjqKlPgHJkgqs-mrs-fSrHm8gQatqM"],"lastLogin":"2025-02-13T19:01:11.303Z","updatedAt":"2025-02-13T19:01:11.310Z"},"$inc":{"__v":1}}
[2025-02-13 20:03:50] INFO: Database connection established
[2025-02-13 20:03:50] INFO: Server is listening on port 8080
[2025-02-13 20:15:54] INFO: Database connection established
[2025-02-13 20:15:54] INFO: Server is listening on port 8080
[2025-02-13 20:18:05] INFO: Database connection established
[2025-02-13 20:18:05] INFO: Server is listening on port 8080
[2025-02-13 20:18:42] INFO: [Mongoose] users.findOne {"email":"btsm2876@gmail.com"} {}
[2025-02-13 20:18:43] INFO: [Mongoose] users.updateOne {"_id":"67a541bc084d72c40c33cd7e","__v":18} {"$set":{"tokens":["eyJhbGciOiJIUzI1NiIsInR5cCI6IkpXVCJ9.eyJpZCI6IjY3YTU0MWJjMDg0ZDcyYzQwYzMzY2Q3ZSIsImVtYWlsIjoiYnRzbTI4NzZAZ21haWwuY29tIiwicm9sZSI6ImFkbWluIiwiaWF0IjoxNzM5NDc0MzIzLCJleHAiOjE3Mzk3MzM1MjN9.MyTjpVmVvoksvwAlp3gAUn7JiDZtPa0BglnXbpGW-xU"],"lastLogin":"2025-02-13T19:18:43.050Z","updatedAt":"2025-02-13T19:18:43.054Z"},"$inc":{"__v":1}}
[2025-02-13 20:19:08] INFO: [Mongoose] users.findOne {"email":"btsm2876@gmail.com"} {}
[2025-02-13 20:19:09] INFO: [Mongoose] users.updateOne {"_id":"67a541bc084d72c40c33cd7e","__v":19} {"$set":{"tokens":["eyJhbGciOiJIUzI1NiIsInR5cCI6IkpXVCJ9.eyJpZCI6IjY3YTU0MWJjMDg0ZDcyYzQwYzMzY2Q3ZSIsImVtYWlsIjoiYnRzbTI4NzZAZ21haWwuY29tIiwicm9sZSI6ImFkbWluIiwiaWF0IjoxNzM5NDc0MzQ5LCJleHAiOjE3Mzk3MzM1NDl9.8SlI-d1D5HJ_rPfW3PTd0Sqz67rhtlrGH_XsdD1m6qo"],"lastLogin":"2025-02-13T19:19:09.253Z","updatedAt":"2025-02-13T19:19:09.255Z"},"$inc":{"__v":1}}
[2025-02-13 20:20:08] INFO: Database connection established
[2025-02-13 20:20:08] INFO: Server is listening on port 8080
[2025-02-13 20:20:25] INFO: [Mongoose] users.findOne {"email":"btsm2876@gmail.com"} {}
[2025-02-13 20:20:25] INFO: [Mongoose] users.updateOne {"_id":"67a541bc084d72c40c33cd7e","__v":20} {"$set":{"tokens":["eyJhbGciOiJIUzI1NiIsInR5cCI6IkpXVCJ9.eyJpZCI6IjY3YTU0MWJjMDg0ZDcyYzQwYzMzY2Q3ZSIsImVtYWlsIjoiYnRzbTI4NzZAZ21haWwuY29tIiwicm9sZSI6ImFkbWluIiwiaWF0IjoxNzM5NDc0NDI1LCJleHAiOjE3Mzk3MzM2MjV9.ftzbCo47pbiIvBwAfiZQDCFrz2ebwkCiono6v2gVQVY"],"lastLogin":"2025-02-13T19:20:25.552Z","updatedAt":"2025-02-13T19:20:25.558Z"},"$inc":{"__v":1}}
[2025-02-13 20:38:14] INFO: Database connection established
[2025-02-13 20:38:14] INFO: Server is listening on port 8080
[2025-02-13 20:38:36] INFO: [Mongoose] users.findOne {"email":"btsm2876@gmail.com"} {}
[2025-02-13 20:38:36] INFO: [Mongoose] users.updateOne {"_id":"67a541bc084d72c40c33cd7e","__v":21} {"$set":{"tokens":["eyJhbGciOiJIUzI1NiIsInR5cCI6IkpXVCJ9.eyJpZCI6IjY3YTU0MWJjMDg0ZDcyYzQwYzMzY2Q3ZSIsImVtYWlsIjoiYnRzbTI4NzZAZ21haWwuY29tIiwicm9sZSI6ImFkbWluIiwiaWF0IjoxNzM5NDc1NTE2LCJleHAiOjE3Mzk3MzQ3MTZ9.NCv_05qX6YRi1oMFQtJ1MUJ7ZX7unBekMCLK_Gk7PuE"],"lastLogin":"2025-02-13T19:38:36.917Z","updatedAt":"2025-02-13T19:38:36.922Z"},"$inc":{"__v":1}}
[2025-02-13 20:44:45] INFO: Database connection established
[2025-02-13 20:44:45] INFO: Server is listening on port 8080
[2025-02-13 20:44:49] INFO: [Mongoose] users.findOne {"email":"btsm2876@gmail.com"} {}
[2025-02-13 20:44:49] INFO: [Mongoose] users.updateOne {"_id":"67a541bc084d72c40c33cd7e","__v":22} {"$set":{"tokens":["eyJhbGciOiJIUzI1NiIsInR5cCI6IkpXVCJ9.eyJpZCI6IjY3YTU0MWJjMDg0ZDcyYzQwYzMzY2Q3ZSIsImVtYWlsIjoiYnRzbTI4NzZAZ21haWwuY29tIiwicm9sZSI6ImFkbWluIiwiaWF0IjoxNzM5NDc1ODg5LCJleHAiOjE3Mzk3MzUwODl9.pW_Nj3QraErHBckvLHLhjGD_ZpB2rkleUpRr64Y6j0s"],"lastLogin":"2025-02-13T19:44:49.375Z","updatedAt":"2025-02-13T19:44:49.380Z"},"$inc":{"__v":1}}
[2025-02-13 20:47:13] INFO: [Mongoose] users.findOne {"email":"btsm2876@gmail.com"} {}
[2025-02-13 20:47:14] INFO: [Mongoose] users.updateOne {"_id":"67a541bc084d72c40c33cd7e","__v":23} {"$set":{"tokens":["eyJhbGciOiJIUzI1NiIsInR5cCI6IkpXVCJ9.eyJpZCI6IjY3YTU0MWJjMDg0ZDcyYzQwYzMzY2Q3ZSIsImVtYWlsIjoiYnRzbTI4NzZAZ21haWwuY29tIiwicm9sZSI6ImFkbWluIiwiaWF0IjoxNzM5NDc2MDM0LCJleHAiOjE3Mzk3MzUyMzR9.B0GEDJxp2ZLNDU3wTeoJU10-sBUKy2kuEzN1v9KWmIg"],"lastLogin":"2025-02-13T19:47:14.088Z","updatedAt":"2025-02-13T19:47:14.089Z"},"$inc":{"__v":1}}
[2025-02-13 20:52:20] INFO: [Mongoose] users.findOne {"email":"btsm2876@gmail.com"} {}
[2025-02-13 20:52:21] INFO: [Mongoose] users.updateOne {"_id":"67a541bc084d72c40c33cd7e","__v":24} {"$set":{"tokens":["eyJhbGciOiJIUzI1NiIsInR5cCI6IkpXVCJ9.eyJpZCI6IjY3YTU0MWJjMDg0ZDcyYzQwYzMzY2Q3ZSIsImVtYWlsIjoiYnRzbTI4NzZAZ21haWwuY29tIiwicm9sZSI6ImFkbWluIiwiaWF0IjoxNzM5NDc2MzQxLCJleHAiOjE3Mzk3MzU1NDF9.uiie6EM1S_i_NY0ICNcSUykBudP-74lK1mHfd1M9s0w"],"lastLogin":"2025-02-13T19:52:21.336Z","updatedAt":"2025-02-13T19:52:21.337Z"},"$inc":{"__v":1}}
[2025-02-13 20:52:27] INFO: [Mongoose] products.find {} {}
[2025-02-13 20:52:27] INFO: Fetched all products successfully
[2025-02-13 20:52:27] INFO: Fetched all products successfully
[2025-02-13 21:06:32] INFO: [Mongoose] products.find {} {}
[2025-02-13 21:06:32] INFO: Fetched all products successfully
[2025-02-13 21:06:32] INFO: Fetched all products successfully
[2025-02-13 21:06:51] INFO: [Mongoose] users.findOne {"email":"btsm2876@gmail.com"} {}
[2025-02-13 21:06:52] INFO: [Mongoose] users.updateOne {"_id":"67a541bc084d72c40c33cd7e","__v":25} {"$set":{"tokens":["eyJhbGciOiJIUzI1NiIsInR5cCI6IkpXVCJ9.eyJpZCI6IjY3YTU0MWJjMDg0ZDcyYzQwYzMzY2Q3ZSIsImVtYWlsIjoiYnRzbTI4NzZAZ21haWwuY29tIiwicm9sZSI6ImFkbWluIiwiaWF0IjoxNzM5NDc3MjEyLCJleHAiOjE3Mzk3MzY0MTJ9.lPpm7QZWdgDkx1eF9z8QtqY8rKso65NmVNLf_88BjZo"],"lastLogin":"2025-02-13T20:06:52.202Z","updatedAt":"2025-02-13T20:06:52.202Z"},"$inc":{"__v":1}}
[2025-02-13 21:14:31] INFO: [Mongoose] products.find {} {}
[2025-02-13 21:14:31] INFO: Fetched all products successfully
[2025-02-13 21:14:31] INFO: Fetched all products successfully
[2025-02-13 21:14:57] INFO: [Mongoose] products.find {"category":"Dessert"} {}
[2025-02-13 21:14:57] INFO: Fetched products for category: Dessert
[2025-02-13 21:14:57] INFO: Fetched products for category: Dessert
[2025-02-13 21:15:00] INFO: [Mongoose] products.find {"category":"Ornament"} {}
[2025-02-13 21:15:00] INFO: Fetched products for category: Ornament
[2025-02-13 21:15:00] INFO: Fetched products for category: Ornament
[2025-02-13 21:15:01] INFO: [Mongoose] products.find {} {}
[2025-02-13 21:15:01] INFO: Fetched all products successfully
[2025-02-13 21:15:01] INFO: Fetched all products successfully
[2025-02-13 21:18:03] INFO: Database connection established
[2025-02-13 21:18:03] INFO: Server is listening on port 8080
[2025-02-13 21:18:14] INFO: [Mongoose] users.findOne {"email":"btsm2876@gmail.com"} {}
[2025-02-13 21:18:14] INFO: [Mongoose] users.updateOne {"_id":"67a541bc084d72c40c33cd7e","__v":26} {"$set":{"tokens":["eyJhbGciOiJIUzI1NiIsInR5cCI6IkpXVCJ9.eyJpZCI6IjY3YTU0MWJjMDg0ZDcyYzQwYzMzY2Q3ZSIsImVtYWlsIjoiYnRzbTI4NzZAZ21haWwuY29tIiwicm9sZSI6ImFkbWluIiwiaWF0IjoxNzM5NDc3ODk0LCJleHAiOjE3Mzk3MzcwOTR9.WYPSuwbd-u6IdBqWlAxszFvK84k8af1krcaF3xPzHX4"],"lastLogin":"2025-02-13T20:18:14.528Z","updatedAt":"2025-02-13T20:18:14.536Z"},"$inc":{"__v":1}}
[2025-02-13 21:18:36] INFO: [Mongoose] users.findOne {"email":"btsm2876@gmail.com"} {}
[2025-02-13 21:18:47] INFO: [Mongoose] users.findOne {"email":"btsm2876@gmail.com"} {}
[2025-02-13 21:18:48] INFO: [Mongoose] users.updateOne {"_id":"67a541bc084d72c40c33cd7e","__v":27} {"$set":{"tokens":["eyJhbGciOiJIUzI1NiIsInR5cCI6IkpXVCJ9.eyJpZCI6IjY3YTU0MWJjMDg0ZDcyYzQwYzMzY2Q3ZSIsImVtYWlsIjoiYnRzbTI4NzZAZ21haWwuY29tIiwicm9sZSI6ImFkbWluIiwiaWF0IjoxNzM5NDc3OTI4LCJleHAiOjE3Mzk3MzcxMjh9.rNAbqj-mHw6E5qtM4xWJsLVsD2nUOVfZrYUCcRBuco8"],"lastLogin":"2025-02-13T20:18:48.429Z","updatedAt":"2025-02-13T20:18:48.430Z"},"$inc":{"__v":1}}
[2025-02-13 21:18:48] INFO: [Mongoose] carts.find {} {}
[2025-02-13 21:18:48] INFO: [Mongoose] products.find {} {}
[2025-02-13 21:18:48] INFO: Fetched all products successfully
[2025-02-13 21:18:48] INFO: Fetched all products successfully
[2025-02-13 21:23:02] INFO: [Mongoose] users.findOne {"email":"btsm2876@gmail.com"} {}
[2025-02-13 21:23:03] INFO: [Mongoose] users.updateOne {"_id":"67a541bc084d72c40c33cd7e","__v":28} {"$set":{"tokens":["eyJhbGciOiJIUzI1NiIsInR5cCI6IkpXVCJ9.eyJpZCI6IjY3YTU0MWJjMDg0ZDcyYzQwYzMzY2Q3ZSIsImVtYWlsIjoiYnRzbTI4NzZAZ21haWwuY29tIiwicm9sZSI6ImFkbWluIiwiaWF0IjoxNzM5NDc4MTgzLCJleHAiOjE3Mzk3MzczODN9.aCoc8CjdHMwbyX-Kv4-JDLI_tpV9V6OtysDhYsePesM"],"lastLogin":"2025-02-13T20:23:03.053Z","updatedAt":"2025-02-13T20:23:03.054Z"},"$inc":{"__v":1}}
[2025-02-13 21:23:03] INFO: [Mongoose] carts.find {} {}
[2025-02-13 21:23:03] INFO: [Mongoose] products.find {} {}
[2025-02-13 21:23:03] INFO: Fetched all products successfully
[2025-02-13 21:23:03] INFO: Fetched all products successfully
[2025-02-13 21:25:58] INFO: [Mongoose] products.find {} {}
[2025-02-13 21:25:58] INFO: Fetched all products successfully
[2025-02-13 21:25:58] INFO: Fetched all products successfully
[2025-02-13 21:26:21] INFO: [Mongoose] users.findOne {"email":"btsm2876@gmail.com"} {}
[2025-02-13 21:26:21] INFO: [Mongoose] users.updateOne {"_id":"67a541bc084d72c40c33cd7e","__v":29} {"$set":{"tokens":["eyJhbGciOiJIUzI1NiIsInR5cCI6IkpXVCJ9.eyJpZCI6IjY3YTU0MWJjMDg0ZDcyYzQwYzMzY2Q3ZSIsImVtYWlsIjoiYnRzbTI4NzZAZ21haWwuY29tIiwicm9sZSI6ImFkbWluIiwiaWF0IjoxNzM5NDc4MzgxLCJleHAiOjE3Mzk3Mzc1ODF9.IAGgZTRmsO-KnRVUnUXNCZsV3bXTt-o0DW9O0najGro"],"lastLogin":"2025-02-13T20:26:21.497Z","updatedAt":"2025-02-13T20:26:21.498Z"},"$inc":{"__v":1}}
[2025-02-13 21:26:21] INFO: [Mongoose] carts.find {} {}
[2025-02-13 21:26:21] INFO: [Mongoose] products.find {} {}
[2025-02-13 21:26:21] INFO: Fetched all products successfully
[2025-02-13 21:26:21] INFO: Fetched all products successfully
[2025-02-13 21:30:47] INFO: [Mongoose] products.find {} {}
[2025-02-13 21:30:47] INFO: Fetched all products successfully
[2025-02-13 21:30:47] INFO: Fetched all products successfully
[2025-02-13 21:31:59] INFO: [Mongoose] users.findOne {"email":"btsm2876@gmail.com"} {}
[2025-02-13 21:32:00] INFO: [Mongoose] users.updateOne {"_id":"67a541bc084d72c40c33cd7e","__v":30} {"$set":{"tokens":["eyJhbGciOiJIUzI1NiIsInR5cCI6IkpXVCJ9.eyJpZCI6IjY3YTU0MWJjMDg0ZDcyYzQwYzMzY2Q3ZSIsImVtYWlsIjoiYnRzbTI4NzZAZ21haWwuY29tIiwicm9sZSI6ImFkbWluIiwiaWF0IjoxNzM5NDc4NzIwLCJleHAiOjE3Mzk3Mzc5MjB9.5bU0JSaWY7KicjeFqTyugTTWNm5dcJXv-jJAnr8OdEI"],"lastLogin":"2025-02-13T20:32:00.304Z","updatedAt":"2025-02-13T20:32:00.304Z"},"$inc":{"__v":1}}
[2025-02-13 21:32:00] INFO: [Mongoose] carts.find {} {}
[2025-02-13 21:32:00] INFO: [Mongoose] products.find {} {}
[2025-02-13 21:32:00] INFO: Fetched all products successfully
[2025-02-13 21:32:00] INFO: Fetched all products successfully
[2025-02-13 21:34:12] INFO: [Mongoose] users.findOne {"email":"btsm2876@gmail.com"} {}
[2025-02-13 21:34:12] INFO: [Mongoose] users.updateOne {"_id":"67a541bc084d72c40c33cd7e","__v":31} {"$set":{"tokens":["eyJhbGciOiJIUzI1NiIsInR5cCI6IkpXVCJ9.eyJpZCI6IjY3YTU0MWJjMDg0ZDcyYzQwYzMzY2Q3ZSIsImVtYWlsIjoiYnRzbTI4NzZAZ21haWwuY29tIiwicm9sZSI6ImFkbWluIiwiaWF0IjoxNzM5NDc4ODUyLCJleHAiOjE3Mzk3MzgwNTJ9.4IUUVYz_MGlcX3BepRkza-hmIqM1KmhvDdXGjlIXqQU"],"lastLogin":"2025-02-13T20:34:12.686Z","updatedAt":"2025-02-13T20:34:12.686Z"},"$inc":{"__v":1}}
[2025-02-13 21:34:12] INFO: [Mongoose] carts.find {} {}
[2025-02-13 21:34:12] INFO: [Mongoose] products.find {} {}
[2025-02-13 21:34:12] INFO: Fetched all products successfully
[2025-02-13 21:34:12] INFO: Fetched all products successfully
[2025-02-13 21:37:23] INFO: [Mongoose] products.find {} {}
[2025-02-13 21:37:23] INFO: Fetched all products successfully
[2025-02-13 21:37:23] INFO: Fetched all products successfully
[2025-02-13 21:37:47] INFO: [Mongoose] users.findOne {"email":"btsm2876@gmail.com"} {}
[2025-02-13 21:37:48] INFO: [Mongoose] users.updateOne {"_id":"67a541bc084d72c40c33cd7e","__v":32} {"$set":{"tokens":["eyJhbGciOiJIUzI1NiIsInR5cCI6IkpXVCJ9.eyJpZCI6IjY3YTU0MWJjMDg0ZDcyYzQwYzMzY2Q3ZSIsImVtYWlsIjoiYnRzbTI4NzZAZ21haWwuY29tIiwicm9sZSI6ImFkbWluIiwiaWF0IjoxNzM5NDc5MDY4LCJleHAiOjE3Mzk3MzgyNjh9.dWMJr8Oo__Xw1xgoflIwG1IuDbTKsTiLzky4nfDqC7s"],"lastLogin":"2025-02-13T20:37:48.185Z","updatedAt":"2025-02-13T20:37:48.186Z"},"$inc":{"__v":1}}
[2025-02-13 21:37:48] INFO: [Mongoose] carts.find {} {}
[2025-02-13 21:37:48] INFO: [Mongoose] products.find {} {}
[2025-02-13 21:37:48] INFO: Fetched all products successfully
[2025-02-13 21:37:48] INFO: Fetched all products successfully
[2025-02-13 21:38:04] INFO: [Mongoose] products.find {} {}
[2025-02-13 21:38:04] INFO: Fetched all products successfully
[2025-02-13 21:38:04] INFO: Fetched all products successfully
[2025-02-13 21:38:20] INFO: [Mongoose] products.find {} {}
[2025-02-13 21:38:20] INFO: Fetched all products successfully
[2025-02-13 21:38:20] INFO: Fetched all products successfully
[2025-02-13 21:38:31] INFO: [Mongoose] users.findOne {"email":"btsm2876@gmail.com"} {}
[2025-02-13 21:38:32] INFO: [Mongoose] users.updateOne {"_id":"67a541bc084d72c40c33cd7e","__v":33} {"$set":{"tokens":["eyJhbGciOiJIUzI1NiIsInR5cCI6IkpXVCJ9.eyJpZCI6IjY3YTU0MWJjMDg0ZDcyYzQwYzMzY2Q3ZSIsImVtYWlsIjoiYnRzbTI4NzZAZ21haWwuY29tIiwicm9sZSI6ImFkbWluIiwiaWF0IjoxNzM5NDc5MTEyLCJleHAiOjE3Mzk3MzgzMTJ9.IvUUUeZRkMVPU_PyDNqAU0NgjLzcbhkbZ2fXZYFRxSw"],"lastLogin":"2025-02-13T20:38:32.045Z","updatedAt":"2025-02-13T20:38:32.045Z"},"$inc":{"__v":1}}
[2025-02-13 21:38:32] INFO: [Mongoose] carts.find {} {}
[2025-02-13 21:38:32] INFO: [Mongoose] products.find {} {}
[2025-02-13 21:38:32] INFO: Fetched all products successfully
[2025-02-13 21:38:32] INFO: Fetched all products successfully
[2025-02-13 21:38:40] INFO: [Mongoose] products.find {} {}
[2025-02-13 21:38:40] INFO: Fetched all products successfully
[2025-02-13 21:38:40] INFO: Fetched all products successfully
[2025-02-13 21:40:32] INFO: [Mongoose] users.findOne {"email":"btsm2876@gmail.com"} {}
[2025-02-13 21:40:33] INFO: [Mongoose] users.updateOne {"_id":"67a541bc084d72c40c33cd7e","__v":34} {"$set":{"tokens":["eyJhbGciOiJIUzI1NiIsInR5cCI6IkpXVCJ9.eyJpZCI6IjY3YTU0MWJjMDg0ZDcyYzQwYzMzY2Q3ZSIsImVtYWlsIjoiYnRzbTI4NzZAZ21haWwuY29tIiwicm9sZSI6ImFkbWluIiwiaWF0IjoxNzM5NDc5MjMzLCJleHAiOjE3Mzk3Mzg0MzN9.AAh-lFsV-xWjNm8nE4QC-mP3eH2hj2yJp_XhdiRXiK8"],"lastLogin":"2025-02-13T20:40:33.217Z","updatedAt":"2025-02-13T20:40:33.218Z"},"$inc":{"__v":1}}
[2025-02-13 21:40:33] INFO: [Mongoose] carts.find {} {}
[2025-02-13 21:40:33] INFO: [Mongoose] products.find {} {}
[2025-02-13 21:40:33] INFO: Fetched all products successfully
[2025-02-13 21:40:33] INFO: Fetched all products successfully
[2025-02-13 21:42:31] INFO: [Mongoose] products.find {} {}
[2025-02-13 21:42:31] INFO: Fetched all products successfully
[2025-02-13 21:42:31] INFO: Fetched all products successfully
[2025-02-13 21:42:51] INFO: [Mongoose] users.findOne {"email":"btsm2876@gmail.com"} {}
[2025-02-13 21:42:51] INFO: [Mongoose] users.updateOne {"_id":"67a541bc084d72c40c33cd7e","__v":35} {"$set":{"tokens":["eyJhbGciOiJIUzI1NiIsInR5cCI6IkpXVCJ9.eyJpZCI6IjY3YTU0MWJjMDg0ZDcyYzQwYzMzY2Q3ZSIsImVtYWlsIjoiYnRzbTI4NzZAZ21haWwuY29tIiwicm9sZSI6ImFkbWluIiwiaWF0IjoxNzM5NDc5MzcxLCJleHAiOjE3Mzk3Mzg1NzF9.cj51gHHO8AUzNnMSqnPb3rTmtaCA2Mp4afNbhHsFxQE"],"lastLogin":"2025-02-13T20:42:51.637Z","updatedAt":"2025-02-13T20:42:51.637Z"},"$inc":{"__v":1}}
[2025-02-13 21:42:51] INFO: [Mongoose] carts.find {} {}
[2025-02-13 21:42:51] INFO: [Mongoose] products.find {} {}
[2025-02-13 21:42:51] INFO: Fetched all products successfully
[2025-02-13 21:42:51] INFO: Fetched all products successfully
[2025-02-13 21:43:26] INFO: [Mongoose] users.findOne {"email":"btsm2876@gmail.com"} {}
[2025-02-13 21:43:26] INFO: [Mongoose] users.updateOne {"_id":"67a541bc084d72c40c33cd7e","__v":36} {"$set":{"tokens":["eyJhbGciOiJIUzI1NiIsInR5cCI6IkpXVCJ9.eyJpZCI6IjY3YTU0MWJjMDg0ZDcyYzQwYzMzY2Q3ZSIsImVtYWlsIjoiYnRzbTI4NzZAZ21haWwuY29tIiwicm9sZSI6ImFkbWluIiwiaWF0IjoxNzM5NDc5NDA2LCJleHAiOjE3Mzk3Mzg2MDZ9.4nGYrnVaaD8bwAwcPt-PE8OZ-ENI1rKDRJw-2p32Xbs"],"lastLogin":"2025-02-13T20:43:26.931Z","updatedAt":"2025-02-13T20:43:26.934Z"},"$inc":{"__v":1}}
[2025-02-13 21:43:26] INFO: [Mongoose] carts.find {} {}
[2025-02-13 21:43:27] INFO: [Mongoose] products.find {} {}
[2025-02-13 21:43:27] INFO: Fetched all products successfully
[2025-02-13 21:43:27] INFO: Fetched all products successfully
[2025-02-13 21:44:02] INFO: [Mongoose] products.find {} {}
[2025-02-13 21:44:02] INFO: Fetched all products successfully
[2025-02-13 21:44:02] INFO: Fetched all products successfully
[2025-02-13 21:44:27] INFO: [Mongoose] users.findOne {"email":"btsm2876@gmail.com"} {}
[2025-02-13 21:44:28] INFO: [Mongoose] users.updateOne {"_id":"67a541bc084d72c40c33cd7e","__v":37} {"$set":{"tokens":["eyJhbGciOiJIUzI1NiIsInR5cCI6IkpXVCJ9.eyJpZCI6IjY3YTU0MWJjMDg0ZDcyYzQwYzMzY2Q3ZSIsImVtYWlsIjoiYnRzbTI4NzZAZ21haWwuY29tIiwicm9sZSI6ImFkbWluIiwiaWF0IjoxNzM5NDc5NDY4LCJleHAiOjE3Mzk3Mzg2Njh9.XWP9CQnWN-HuCojL28NhXviNgwHoKGvTDKxHCz6912k"],"lastLogin":"2025-02-13T20:44:28.186Z","updatedAt":"2025-02-13T20:44:28.187Z"},"$inc":{"__v":1}}
[2025-02-13 21:44:28] INFO: [Mongoose] carts.find {} {}
[2025-02-13 21:44:28] INFO: [Mongoose] products.find {} {}
[2025-02-13 21:44:28] INFO: Fetched all products successfully
[2025-02-13 21:44:28] INFO: Fetched all products successfully
[2025-02-13 21:50:03] INFO: [Mongoose] products.find {} {}
[2025-02-13 21:50:03] INFO: Fetched all products successfully
[2025-02-13 21:50:03] INFO: Fetched all products successfully
[2025-02-13 21:50:09] INFO: [Mongoose] products.find {} {}
[2025-02-13 21:50:09] INFO: Fetched all products successfully
[2025-02-13 21:50:09] INFO: Fetched all products successfully
[2025-02-13 21:50:18] INFO: [Mongoose] products.find {} {}
[2025-02-13 21:50:18] INFO: Fetched all products successfully
[2025-02-13 21:50:18] INFO: Fetched all products successfully
[2025-02-13 21:52:44] INFO: [Mongoose] users.findOne {"email":"btsm2876@gmail.com"} {}
[2025-02-13 21:52:44] INFO: [Mongoose] users.updateOne {"_id":"67a541bc084d72c40c33cd7e","__v":38} {"$set":{"tokens":["eyJhbGciOiJIUzI1NiIsInR5cCI6IkpXVCJ9.eyJpZCI6IjY3YTU0MWJjMDg0ZDcyYzQwYzMzY2Q3ZSIsImVtYWlsIjoiYnRzbTI4NzZAZ21haWwuY29tIiwicm9sZSI6ImFkbWluIiwiaWF0IjoxNzM5NDc5OTY0LCJleHAiOjE3Mzk3MzkxNjR9.drTwiH7T_RSlgIQIwjgm6OKtZ6ZBzaHQEgmChlPMMRM"],"lastLogin":"2025-02-13T20:52:44.935Z","updatedAt":"2025-02-13T20:52:44.935Z"},"$inc":{"__v":1}}
[2025-02-13 21:52:44] INFO: [Mongoose] carts.find {} {}
[2025-02-13 21:52:45] INFO: [Mongoose] products.find {} {}
[2025-02-13 21:52:45] INFO: Fetched all products successfully
[2025-02-13 21:52:45] INFO: Fetched all products successfully
[2025-02-13 22:00:53] INFO: [Mongoose] products.find {} {}
[2025-02-13 22:00:53] INFO: Fetched all products successfully
[2025-02-13 22:00:53] INFO: Fetched all products successfully
[2025-02-13 22:01:15] INFO: [Mongoose] users.findOne {"email":"btsm2876@gmail.com"} {}
[2025-02-13 22:01:15] INFO: [Mongoose] users.updateOne {"_id":"67a541bc084d72c40c33cd7e","__v":39} {"$set":{"tokens":["eyJhbGciOiJIUzI1NiIsInR5cCI6IkpXVCJ9.eyJpZCI6IjY3YTU0MWJjMDg0ZDcyYzQwYzMzY2Q3ZSIsImVtYWlsIjoiYnRzbTI4NzZAZ21haWwuY29tIiwicm9sZSI6ImFkbWluIiwiaWF0IjoxNzM5NDgwNDc1LCJleHAiOjE3Mzk3Mzk2NzV9.XWg6EKPsgrIgl1sFkPREsZJZiefTrAcu0WHSsmzbZMA"],"lastLogin":"2025-02-13T21:01:15.552Z","updatedAt":"2025-02-13T21:01:15.555Z"},"$inc":{"__v":1}}
[2025-02-13 22:01:15] INFO: [Mongoose] carts.find {} {}
[2025-02-13 22:01:15] INFO: [Mongoose] products.find {} {}
[2025-02-13 22:01:15] INFO: Fetched all products successfully
[2025-02-13 22:01:15] INFO: Fetched all products successfully
[2025-02-13 22:09:50] INFO: [Mongoose] products.find {} {}
[2025-02-13 22:09:50] INFO: Fetched all products successfully
[2025-02-13 22:09:50] INFO: Fetched all products successfully
[2025-02-13 22:10:30] INFO: [Mongoose] products.find {} {}
[2025-02-13 22:10:30] INFO: Fetched all products successfully
[2025-02-13 22:10:30] INFO: Fetched all products successfully
[2025-02-13 22:17:08] INFO: [Mongoose] products.find {} {}
[2025-02-13 22:17:08] INFO: Fetched all products successfully
[2025-02-13 22:17:08] INFO: Fetched all products successfully
[2025-02-13 22:17:48] INFO: [Mongoose] products.find {} {}
[2025-02-13 22:17:48] INFO: Fetched all products successfully
[2025-02-13 22:17:48] INFO: Fetched all products successfully
[2025-02-13 22:17:54] INFO: [Mongoose] products.find {} {}
[2025-02-13 22:17:54] INFO: Fetched all products successfully
[2025-02-13 22:17:54] INFO: Fetched all products successfully
[2025-02-13 22:17:58] INFO: [Mongoose] products.find {} {}
[2025-02-13 22:17:58] INFO: Fetched all products successfully
[2025-02-13 22:17:58] INFO: Fetched all products successfully
[2025-02-13 22:29:29] INFO: [Mongoose] products.find {} {}
[2025-02-13 22:29:29] INFO: Fetched all products successfully
[2025-02-13 22:29:29] INFO: Fetched all products successfully
[2025-02-13 22:29:29] INFO: [Mongoose] products.find {} {}
[2025-02-13 22:29:29] INFO: Fetched all products successfully
[2025-02-13 22:29:29] INFO: Fetched all products successfully
[2025-02-13 22:29:56] INFO: [Mongoose] products.find {} {}
[2025-02-13 22:29:56] INFO: Fetched all products successfully
[2025-02-13 22:29:56] INFO: Fetched all products successfully
[2025-02-13 22:30:01] INFO: [Mongoose] products.find {} {}
[2025-02-13 22:30:01] INFO: Fetched all products successfully
[2025-02-13 22:30:01] INFO: Fetched all products successfully
[2025-02-13 22:30:06] INFO: [Mongoose] products.find {} {}
[2025-02-13 22:30:06] INFO: Fetched all products successfully
[2025-02-13 22:30:06] INFO: Fetched all products successfully
[2025-02-13 22:30:11] INFO: [Mongoose] products.find {} {}
[2025-02-13 22:30:11] INFO: Fetched all products successfully
[2025-02-13 22:30:11] INFO: Fetched all products successfully
[2025-02-13 22:30:19] INFO: [Mongoose] products.find {} {}
[2025-02-13 22:30:19] INFO: Fetched all products successfully
[2025-02-13 22:30:19] INFO: Fetched all products successfully
[2025-02-13 22:30:32] INFO: [Mongoose] products.find {} {}
[2025-02-13 22:30:32] INFO: Fetched all products successfully
[2025-02-13 22:30:32] INFO: Fetched all products successfully
[2025-02-13 22:30:51] INFO: [Mongoose] products.find {} {}
[2025-02-13 22:30:51] INFO: Fetched all products successfully
[2025-02-13 22:30:51] INFO: Fetched all products successfully
[2025-02-13 22:32:00] INFO: [Mongoose] products.find {} {}
[2025-02-13 22:32:00] INFO: Fetched all products successfully
[2025-02-13 22:32:00] INFO: Fetched all products successfully
[2025-02-13 22:32:00] INFO: [Mongoose] products.find {} {}
[2025-02-13 22:32:00] INFO: Fetched all products successfully
[2025-02-13 22:32:00] INFO: Fetched all products successfully
[2025-02-13 22:32:14] INFO: [Mongoose] products.find {} {}
[2025-02-13 22:32:14] INFO: Fetched all products successfully
[2025-02-13 22:32:14] INFO: Fetched all products successfully
[2025-02-13 22:32:14] INFO: [Mongoose] products.find {} {}
[2025-02-13 22:32:14] INFO: Fetched all products successfully
[2025-02-13 22:32:14] INFO: Fetched all products successfully
[2025-02-13 22:32:40] INFO: [Mongoose] users.findOne {"email":"oparagregory7@gmail.com"} {}
[2025-02-13 22:32:40] INFO: [Mongoose] users.updateOne {"_id":"67ae080d12f607fef6d91c1c","__v":2} {"$set":{"tokens":["eyJhbGciOiJIUzI1NiIsInR5cCI6IkpXVCJ9.eyJpZCI6IjY3YWUwODBkMTJmNjA3ZmVmNmQ5MWMxYyIsImVtYWlsIjoib3BhcmFncmVnb3J5N0BnbWFpbC5jb20iLCJyb2xlIjoidXNlciIsImlhdCI6MTczOTQ4MjM2MCwiZXhwIjoxNzM5NzQxNTYwfQ.HhvNev3c5JIsdJ89gakD8TDzvXIDOLb8Zzs3fsVFY7A"],"lastLogin":"2025-02-13T21:32:40.763Z","updatedAt":"2025-02-13T21:32:40.765Z"},"$inc":{"__v":1}}
[2025-02-13 22:32:43] INFO: [Mongoose] carts.find {} {}
[2025-02-13 22:32:43] INFO: [Mongoose] products.find {} {}
[2025-02-13 22:32:43] INFO: Fetched all products successfully
[2025-02-13 22:32:43] INFO: Fetched all products successfully
[2025-02-13 22:33:19] INFO: [Mongoose] products.find {} {}
[2025-02-13 22:33:19] INFO: Fetched all products successfully
[2025-02-13 22:33:19] INFO: Fetched all products successfully
[2025-02-13 22:33:43] INFO: [Mongoose] users.findOne {"email":"oparagregory7@gmail.com"} {}
[2025-02-13 22:33:43] INFO: [Mongoose] users.updateOne {"_id":"67ae080d12f607fef6d91c1c","__v":3} {"$set":{"tokens":["eyJhbGciOiJIUzI1NiIsInR5cCI6IkpXVCJ9.eyJpZCI6IjY3YWUwODBkMTJmNjA3ZmVmNmQ5MWMxYyIsImVtYWlsIjoib3BhcmFncmVnb3J5N0BnbWFpbC5jb20iLCJyb2xlIjoidXNlciIsImlhdCI6MTczOTQ4MjQyMywiZXhwIjoxNzM5NzQxNjIzfQ.YgOnoDcAK7SeX0DohmSHxx5cPs3jaTAX_roEExPwM18"],"lastLogin":"2025-02-13T21:33:43.515Z","updatedAt":"2025-02-13T21:33:43.516Z"},"$inc":{"__v":1}}
[2025-02-13 22:33:44] INFO: [Mongoose] carts.find {} {}
[2025-02-13 22:33:45] INFO: [Mongoose] products.find {} {}
[2025-02-13 22:33:45] INFO: Fetched all products successfully
[2025-02-13 22:33:45] INFO: Fetched all products successfully
[2025-02-13 22:34:01] INFO: [Mongoose] users.findOne {"email":"btsm2876@gmail.com"} {}
[2025-02-13 22:34:05] INFO: [Mongoose] users.findOne {"email":"btsm2876@gmail.com"} {}
[2025-02-13 22:34:06] INFO: [Mongoose] users.updateOne {"_id":"67a541bc084d72c40c33cd7e","__v":40} {"$set":{"tokens":["eyJhbGciOiJIUzI1NiIsInR5cCI6IkpXVCJ9.eyJpZCI6IjY3YTU0MWJjMDg0ZDcyYzQwYzMzY2Q3ZSIsImVtYWlsIjoiYnRzbTI4NzZAZ21haWwuY29tIiwicm9sZSI6ImFkbWluIiwiaWF0IjoxNzM5NDgyNDQ2LCJleHAiOjE3Mzk3NDE2NDZ9.60mBwo3QuDSiOw1-UZsp_zPyGTZ3A_85tgARAyIcYJ8"],"lastLogin":"2025-02-13T21:34:06.302Z","updatedAt":"2025-02-13T21:34:06.303Z"},"$inc":{"__v":1}}
[2025-02-13 22:34:07] INFO: [Mongoose] carts.find {} {}
[2025-02-13 22:34:07] INFO: [Mongoose] products.find {} {}
[2025-02-13 22:34:07] INFO: Fetched all products successfully
[2025-02-13 22:34:07] INFO: Fetched all products successfully
[2025-02-13 22:34:15] INFO: [Mongoose] products.find {} {}
[2025-02-13 22:34:15] INFO: Fetched all products successfully
[2025-02-13 22:34:15] INFO: Fetched all products successfully
[2025-02-13 22:34:15] INFO: [Mongoose] products.find {} {}
[2025-02-13 22:34:15] INFO: Fetched all products successfully
[2025-02-13 22:34:15] INFO: Fetched all products successfully
[2025-02-13 22:45:10] INFO: [Mongoose] users.findOne {"email":"btsm2876@gmail.com"} {}
[2025-02-13 22:45:10] INFO: [Mongoose] users.updateOne {"_id":"67a541bc084d72c40c33cd7e","__v":41} {"$set":{"tokens":["eyJhbGciOiJIUzI1NiIsInR5cCI6IkpXVCJ9.eyJpZCI6IjY3YTU0MWJjMDg0ZDcyYzQwYzMzY2Q3ZSIsImVtYWlsIjoiYnRzbTI4NzZAZ21haWwuY29tIiwicm9sZSI6ImFkbWluIiwiaWF0IjoxNzM5NDgzMTEwLCJleHAiOjE3Mzk3NDIzMTB9.kI13RIGxfbgyy2G0NJk6wx7UvtvZxN3o__Z-dczo3I4"],"lastLogin":"2025-02-13T21:45:10.663Z","updatedAt":"2025-02-13T21:45:10.664Z"},"$inc":{"__v":1}}
[2025-02-13 22:45:10] INFO: [Mongoose] carts.find {} {}
[2025-02-13 22:45:10] INFO: [Mongoose] products.find {} {}
[2025-02-13 22:45:10] INFO: Fetched all products successfully
[2025-02-13 22:45:10] INFO: Fetched all products successfully
[2025-02-20 16:47:45] INFO: Database connection established
[2025-02-20 16:47:46] INFO: Server is listening on port 8080
[2025-02-20 16:48:14] INFO: [Mongoose] products.find {} {}
[2025-02-20 16:48:14] INFO: Fetched all products successfully
[2025-02-20 16:48:14] INFO: Fetched all products successfully
[2025-02-20 16:49:18] INFO: [Mongoose] users.findOne {"email":"btsm2876@gmail.com"} {}
[2025-02-20 16:49:19] INFO: [Mongoose] users.updateOne {"_id":"67a541bc084d72c40c33cd7e","__v":42} {"$set":{"tokens":["eyJhbGciOiJIUzI1NiIsInR5cCI6IkpXVCJ9.eyJpZCI6IjY3YTU0MWJjMDg0ZDcyYzQwYzMzY2Q3ZSIsImVtYWlsIjoiYnRzbTI4NzZAZ21haWwuY29tIiwicm9sZSI6ImFkbWluIiwiaWF0IjoxNzQwMDY2NTU5LCJleHAiOjE3NDAzMjU3NTl9.MZZ_opVWKn_hP8Ww7cdC3lcP94g3PzMkCISODCijrN8"],"lastLogin":"2025-02-20T15:49:19.108Z","updatedAt":"2025-02-20T15:49:19.122Z"},"$inc":{"__v":1}}
[2025-02-20 16:49:19] INFO: [Mongoose] carts.find {} {}
[2025-02-20 16:49:19] INFO: [Mongoose] products.find {} {}
[2025-02-20 16:49:19] INFO: Fetched all products successfully
[2025-02-20 16:49:19] INFO: Fetched all products successfully
[2025-02-20 16:50:22] INFO: [Mongoose] products.find {} {}
[2025-02-20 16:50:22] INFO: Fetched all products successfully
[2025-02-20 16:50:22] INFO: Fetched all products successfully
[2025-02-20 16:56:36] INFO: [Mongoose] products.find {} {}
[2025-02-20 16:56:36] INFO: Fetched all products successfully
[2025-02-20 16:56:36] INFO: Fetched all products successfully
[2025-02-20 16:57:05] INFO: [Mongoose] products.find {} {}
[2025-02-20 16:57:05] INFO: Fetched all products successfully
[2025-02-20 16:57:05] INFO: Fetched all products successfully
[2025-02-20 16:57:11] INFO: [Mongoose] products.find {} {}
[2025-02-20 16:57:11] INFO: Fetched all products successfully
[2025-02-20 16:57:11] INFO: Fetched all products successfully
[2025-02-20 16:57:14] INFO: [Mongoose] products.find {} {}
[2025-02-20 16:57:14] INFO: Fetched all products successfully
[2025-02-20 16:57:14] INFO: Fetched all products successfully
[2025-02-20 16:58:45] INFO: [Mongoose] products.find {} {}
[2025-02-20 16:58:45] INFO: Fetched all products successfully
[2025-02-20 16:58:45] INFO: Fetched all products successfully
[2025-02-20 16:58:50] INFO: [Mongoose] products.find {} {}
[2025-02-20 16:58:50] INFO: Fetched all products successfully
[2025-02-20 16:58:50] INFO: Fetched all products successfully
[2025-02-20 17:00:10] INFO: [Mongoose] products.findOne {"_id":"67abdf92da6dd3d2c0646580"} {}
[2025-02-20 17:00:10] INFO: Fetched product successfully: 67abdf92da6dd3d2c0646580
[2025-02-20 17:00:10] INFO: Fetched product successfully: 67abdf92da6dd3d2c0646580
[2025-02-20 17:00:15] INFO: [Mongoose] products.find {} {}
[2025-02-20 17:00:15] INFO: Fetched all products successfully
[2025-02-20 17:00:15] INFO: Fetched all products successfully
[2025-02-20 17:00:17] INFO: [Mongoose] products.findOne {"_id":"67ac601f2ad6ec51fd837654"} {}
[2025-02-20 17:00:17] INFO: Fetched product successfully: 67ac601f2ad6ec51fd837654
[2025-02-20 17:00:17] INFO: Fetched product successfully: 67ac601f2ad6ec51fd837654
[2025-02-20 17:00:20] INFO: [Mongoose] products.find {} {}
[2025-02-20 17:00:20] INFO: Fetched all products successfully
[2025-02-20 17:00:20] INFO: Fetched all products successfully
[2025-02-20 17:05:01] INFO: [Mongoose] users.findOne {"email":"btsm2876@gmail.com"} {}
[2025-02-20 17:05:01] INFO: [Mongoose] users.updateOne {"_id":"67a541bc084d72c40c33cd7e","__v":43} {"$set":{"tokens":["eyJhbGciOiJIUzI1NiIsInR5cCI6IkpXVCJ9.eyJpZCI6IjY3YTU0MWJjMDg0ZDcyYzQwYzMzY2Q3ZSIsImVtYWlsIjoiYnRzbTI4NzZAZ21haWwuY29tIiwicm9sZSI6ImFkbWluIiwiaWF0IjoxNzQwMDY3NTAxLCJleHAiOjE3NDAzMjY3MDF9.XH01CcAWSo6IiweVqCYkw-5azQe8Usrq00eCkhrBbK0"],"lastLogin":"2025-02-20T16:05:01.424Z","updatedAt":"2025-02-20T16:05:01.425Z"},"$inc":{"__v":1}}
[2025-02-20 17:05:01] INFO: [Mongoose] carts.find {} {}
[2025-02-20 17:05:01] INFO: [Mongoose] products.find {} {}
[2025-02-20 17:05:01] INFO: Fetched all products successfully
[2025-02-20 17:05:01] INFO: Fetched all products successfully
[2025-02-20 17:05:26] INFO: [Mongoose] products.find {} {}
[2025-02-20 17:05:27] INFO: Fetched all products successfully
[2025-02-20 17:05:27] INFO: Fetched all products successfully
[2025-02-20 17:05:28] INFO: [Mongoose] products.findOne {"_id":"67abdf92da6dd3d2c0646580"} {}
[2025-02-20 17:05:28] INFO: Fetched product successfully: 67abdf92da6dd3d2c0646580
[2025-02-20 17:05:28] INFO: Fetched product successfully: 67abdf92da6dd3d2c0646580
[2025-02-20 17:08:45] INFO: [Mongoose] products.find {} {}
[2025-02-20 17:08:45] INFO: Fetched all products successfully
[2025-02-20 17:08:45] INFO: Fetched all products successfully
[2025-02-20 17:08:59] INFO: [Mongoose] products.find {} {}
[2025-02-20 17:08:59] INFO: Fetched all products successfully
[2025-02-20 17:08:59] INFO: Fetched all products successfully
[2025-02-20 17:12:00] INFO: [Mongoose] products.find {} {}
[2025-02-20 17:12:00] INFO: Fetched all products successfully
[2025-02-20 17:12:00] INFO: Fetched all products successfully
[2025-02-20 17:18:48] INFO: [Mongoose] products.find {} {}
[2025-02-20 17:18:48] INFO: Fetched all products successfully
[2025-02-20 17:18:48] INFO: Fetched all products successfully
[2025-02-21 00:00:41] INFO: [Mongoose] products.find {} {}
[2025-02-21 00:00:41] INFO: Fetched all products successfully
[2025-02-21 00:00:41] INFO: Fetched all products successfully
[2025-02-21 00:01:03] INFO: [Mongoose] users.findOne {"email":"btsm2876@gmail.com"} {}
[2025-02-21 00:01:03] INFO: [Mongoose] users.updateOne {"_id":"67a541bc084d72c40c33cd7e","__v":44} {"$set":{"tokens":["eyJhbGciOiJIUzI1NiIsInR5cCI6IkpXVCJ9.eyJpZCI6IjY3YTU0MWJjMDg0ZDcyYzQwYzMzY2Q3ZSIsImVtYWlsIjoiYnRzbTI4NzZAZ21haWwuY29tIiwicm9sZSI6ImFkbWluIiwiaWF0IjoxNzQwMDkyNDYzLCJleHAiOjE3NDAzNTE2NjN9.8auJsjcS3J-2MgW_SRdjFwo5SAEZnYHiA3aHVc_Wyz4"],"lastLogin":"2025-02-20T23:01:03.755Z","updatedAt":"2025-02-20T23:01:03.757Z"},"$inc":{"__v":1}}
[2025-02-21 00:01:03] INFO: [Mongoose] carts.find {} {}
[2025-02-21 00:01:03] INFO: [Mongoose] products.find {} {}
[2025-02-21 00:01:03] INFO: Fetched all products successfully
[2025-02-21 00:01:03] INFO: Fetched all products successfully
[2025-02-24 22:48:24] INFO: Database connection established
[2025-02-24 22:48:24] INFO: Server is listening on port 8080
[2025-02-24 22:48:30] INFO: [Mongoose] products.find {} {}
[2025-02-24 22:48:30] INFO: Fetched all products successfully
[2025-02-24 22:48:30] INFO: Fetched all products successfully
[2025-02-24 22:49:07] INFO: [Mongoose] products.find {} {}
[2025-02-24 22:49:07] INFO: Fetched all products successfully
[2025-02-24 22:49:07] INFO: Fetched all products successfully
[2025-02-24 22:49:18] INFO: [Mongoose] products.find {} {}
[2025-02-24 22:49:18] INFO: Fetched all products successfully
[2025-02-24 22:49:18] INFO: Fetched all products successfully
[2025-02-24 22:49:41] INFO: [Mongoose] products.find {} {}
[2025-02-24 22:49:41] INFO: Fetched all products successfully
[2025-02-24 22:49:41] INFO: Fetched all products successfully
[2025-02-24 22:49:59] INFO: [Mongoose] products.find {} {}
[2025-02-24 22:49:59] INFO: Fetched all products successfully
[2025-02-24 22:49:59] INFO: Fetched all products successfully
[2025-02-24 22:50:45] INFO: [Mongoose] users.findOne {"email":"btsm2876@gmail.com"} {}
[2025-02-24 22:50:46] INFO: [Mongoose] users.updateOne {"_id":"67a541bc084d72c40c33cd7e","__v":45} {"$set":{"tokens":["eyJhbGciOiJIUzI1NiIsInR5cCI6IkpXVCJ9.eyJpZCI6IjY3YTU0MWJjMDg0ZDcyYzQwYzMzY2Q3ZSIsImVtYWlsIjoiYnRzbTI4NzZAZ21haWwuY29tIiwicm9sZSI6ImFkbWluIiwiaWF0IjoxNzQwNDMzODQ2LCJleHAiOjE3NDA2OTMwNDZ9.r30Ju-k71SmXYn70I7cL6XwdSG_Y-4aaKlzKjm_aPuQ"],"lastLogin":"2025-02-24T21:50:46.388Z","updatedAt":"2025-02-24T21:50:46.395Z"},"$inc":{"__v":1}}
[2025-02-24 22:50:46] INFO: [Mongoose] carts.find {} {}
[2025-02-24 22:50:46] INFO: [Mongoose] products.find {} {}
[2025-02-24 22:50:46] INFO: Fetched all products successfully
[2025-02-24 22:50:46] INFO: Fetched all products successfully
[2025-02-24 23:12:46] INFO: [Mongoose] products.find {} {}
[2025-02-24 23:12:46] INFO: Fetched all products successfully
[2025-02-24 23:12:46] INFO: Fetched all products successfully
[2025-02-24 23:12:46] INFO: [Mongoose] products.find {} {}
[2025-02-24 23:12:46] INFO: Fetched all products successfully
[2025-02-24 23:12:46] INFO: Fetched all products successfully
[2025-02-24 23:31:50] INFO: [Mongoose] products.find {} {}
[2025-02-24 23:31:50] INFO: Fetched all products successfully
[2025-02-24 23:31:50] INFO: Fetched all products successfully
[2025-02-24 23:32:32] INFO: [Mongoose] users.findOne {"email":"btsm2876@gmail.com"} {}
[2025-02-24 23:32:33] INFO: [Mongoose] users.updateOne {"_id":"67a541bc084d72c40c33cd7e","__v":46} {"$set":{"tokens":["eyJhbGciOiJIUzI1NiIsInR5cCI6IkpXVCJ9.eyJpZCI6IjY3YTU0MWJjMDg0ZDcyYzQwYzMzY2Q3ZSIsImVtYWlsIjoiYnRzbTI4NzZAZ21haWwuY29tIiwicm9sZSI6ImFkbWluIiwiaWF0IjoxNzQwNDM2MzUzLCJleHAiOjE3NDA2OTU1NTN9.ELEpJINRPyTGldQ5Wiaj_7pMWZKY67QmQOH0HsE8PeM"],"lastLogin":"2025-02-24T22:32:33.120Z","updatedAt":"2025-02-24T22:32:33.121Z"},"$inc":{"__v":1}}
[2025-02-24 23:32:33] INFO: [Mongoose] carts.find {} {}
[2025-02-24 23:32:33] INFO: [Mongoose] products.find {} {}
[2025-02-24 23:32:33] INFO: Fetched all products successfully
[2025-02-24 23:32:33] INFO: Fetched all products successfully
[2025-02-24 23:33:18] INFO: [Mongoose] products.find {} {}
[2025-02-24 23:33:18] INFO: Fetched all products successfully
[2025-02-24 23:33:18] INFO: Fetched all products successfully
[2025-02-25 00:01:40] INFO: [Mongoose] products.find {} {}
[2025-02-25 00:01:40] INFO: Fetched all products successfully
[2025-02-25 00:01:40] INFO: Fetched all products successfully
[2025-02-25 00:01:49] INFO: [Mongoose] products.findOne {"_id":"67abdf92da6dd3d2c0646580"} {}
[2025-02-25 00:01:49] INFO: Fetched product successfully: 67abdf92da6dd3d2c0646580
[2025-02-25 00:01:49] INFO: Fetched product successfully: 67abdf92da6dd3d2c0646580
[2025-02-25 00:19:27] INFO: [Mongoose] products.find {} {}
[2025-02-25 00:19:27] INFO: Fetched all products successfully
[2025-02-25 00:19:27] INFO: Fetched all products successfully
[2025-02-25 00:19:52] INFO: [Mongoose] products.find {} {}
[2025-02-25 00:19:52] INFO: Fetched all products successfully
[2025-02-25 00:19:52] INFO: Fetched all products successfully
[2025-02-25 00:27:18] INFO: [Mongoose] products.findOne {"_id":"67abdf92da6dd3d2c0646580"} {}
[2025-02-25 00:27:18] INFO: Fetched product successfully: 67abdf92da6dd3d2c0646580
[2025-02-25 00:27:18] INFO: Fetched product successfully: 67abdf92da6dd3d2c0646580
[2025-02-25 00:27:24] INFO: [Mongoose] products.find {} {}
[2025-02-25 00:27:24] INFO: Fetched all products successfully
[2025-02-25 00:27:24] INFO: Fetched all products successfully
[2025-02-25 00:27:40] INFO: [Mongoose] users.findOne {"email":"btsm2876@gmail.com"} {}
[2025-02-25 00:27:40] INFO: [Mongoose] users.updateOne {"_id":"67a541bc084d72c40c33cd7e","__v":47} {"$set":{"tokens":["eyJhbGciOiJIUzI1NiIsInR5cCI6IkpXVCJ9.eyJpZCI6IjY3YTU0MWJjMDg0ZDcyYzQwYzMzY2Q3ZSIsImVtYWlsIjoiYnRzbTI4NzZAZ21haWwuY29tIiwicm9sZSI6ImFkbWluIiwiaWF0IjoxNzQwNDM5NjYwLCJleHAiOjE3NDA2OTg4NjB9.2V0hBoGR2iNFpDwM6bznu0H5A0ywOTNOEro5iCteJYI"],"lastLogin":"2025-02-24T23:27:40.827Z","updatedAt":"2025-02-24T23:27:40.828Z"},"$inc":{"__v":1}}
[2025-02-25 00:27:40] INFO: [Mongoose] carts.find {} {}
[2025-02-25 00:27:40] INFO: [Mongoose] products.find {} {}
[2025-02-25 00:27:40] INFO: Fetched all products successfully
[2025-02-25 00:27:40] INFO: Fetched all products successfully
[2025-02-25 00:27:47] INFO: [Mongoose] products.find {} {}
[2025-02-25 00:27:48] INFO: Fetched all products successfully
[2025-02-25 00:27:48] INFO: Fetched all products successfully
[2025-02-25 00:27:49] INFO: [Mongoose] products.findOne {"_id":"67abdf92da6dd3d2c0646580"} {}
[2025-02-25 00:27:49] INFO: Fetched product successfully: 67abdf92da6dd3d2c0646580
[2025-02-25 00:27:49] INFO: Fetched product successfully: 67abdf92da6dd3d2c0646580
[2025-02-25 00:32:13] INFO: [Mongoose] products.findOne {"_id":"67abdf92da6dd3d2c0646580"} {}
[2025-02-25 00:32:13] INFO: Fetched product successfully: 67abdf92da6dd3d2c0646580
[2025-02-25 00:32:13] INFO: Fetched product successfully: 67abdf92da6dd3d2c0646580
[2025-02-25 00:34:15] INFO: [Mongoose] products.find {} {}
[2025-02-25 00:34:15] INFO: Fetched all products successfully
[2025-02-25 00:34:15] INFO: Fetched all products successfully
[2025-02-25 00:34:57] INFO: [Mongoose] products.find {} {}
[2025-02-25 00:34:57] INFO: Fetched all products successfully
[2025-02-25 00:34:57] INFO: Fetched all products successfully
[2025-02-25 00:37:09] INFO: [Mongoose] products.findOne {"_id":"67abdf92da6dd3d2c0646580"} {}
[2025-02-25 00:37:09] INFO: Fetched product successfully: 67abdf92da6dd3d2c0646580
[2025-02-25 00:37:09] INFO: Fetched product successfully: 67abdf92da6dd3d2c0646580
[2025-02-25 00:38:11] INFO: [Mongoose] products.findOne {"_id":"67abdf92da6dd3d2c0646580"} {}
[2025-02-25 00:38:11] INFO: Fetched product successfully: 67abdf92da6dd3d2c0646580
[2025-02-25 00:38:11] INFO: Fetched product successfully: 67abdf92da6dd3d2c0646580
[2025-02-25 00:38:27] INFO: [Mongoose] products.find {} {}
[2025-02-25 00:38:27] INFO: Fetched all products successfully
[2025-02-25 00:38:27] INFO: Fetched all products successfully
[2025-02-25 00:38:28] INFO: [Mongoose] products.findOne {"_id":"67abdf92da6dd3d2c0646580"} {}
[2025-02-25 00:38:28] INFO: Fetched product successfully: 67abdf92da6dd3d2c0646580
[2025-02-25 00:38:28] INFO: Fetched product successfully: 67abdf92da6dd3d2c0646580
[2025-02-25 00:38:40] INFO: [Mongoose] products.find {} {}
[2025-02-25 00:38:40] INFO: Fetched all products successfully
[2025-02-25 00:38:40] INFO: Fetched all products successfully
[2025-02-25 00:44:35] INFO: [Mongoose] products.find {} {}
[2025-02-25 00:44:35] INFO: Fetched all products successfully
[2025-02-25 00:44:35] INFO: Fetched all products successfully
[2025-02-25 00:44:45] INFO: [Mongoose] products.find {} {}
[2025-02-25 00:44:45] INFO: Fetched all products successfully
[2025-02-25 00:44:45] INFO: Fetched all products successfully
[2025-02-25 00:46:58] INFO: [Mongoose] products.find {} {}
[2025-02-25 00:46:58] INFO: Fetched all products successfully
[2025-02-25 00:46:58] INFO: Fetched all products successfully
[2025-02-25 00:47:50] INFO: [Mongoose] products.find {} {}
[2025-02-25 00:47:50] INFO: Fetched all products successfully
[2025-02-25 00:47:50] INFO: Fetched all products successfully
[2025-02-25 00:51:37] INFO: [Mongoose] products.find {} {}
[2025-02-25 00:51:37] INFO: Fetched all products successfully
[2025-02-25 00:51:37] INFO: Fetched all products successfully
[2025-02-25 01:01:08] INFO: [Mongoose] products.find {} {}
[2025-02-25 01:01:08] INFO: Fetched all products successfully
[2025-02-25 01:01:08] INFO: Fetched all products successfully
[2025-02-25 01:01:11] INFO: [Mongoose] products.find {} {}
[2025-02-25 01:01:11] INFO: Fetched all products successfully
[2025-02-25 01:01:11] INFO: Fetched all products successfully
[2025-02-25 01:01:37] INFO: [Mongoose] products.find {} {}
[2025-02-25 01:01:37] INFO: Fetched all products successfully
[2025-02-25 01:01:37] INFO: Fetched all products successfully
[2025-02-25 01:01:45] INFO: [Mongoose] products.find {} {}
[2025-02-25 01:01:45] INFO: Fetched all products successfully
[2025-02-25 01:01:45] INFO: Fetched all products successfully
[2025-02-25 01:02:00] INFO: [Mongoose] products.find {} {}
[2025-02-25 01:02:00] INFO: Fetched all products successfully
[2025-02-25 01:02:00] INFO: Fetched all products successfully
[2025-02-25 01:03:28] INFO: [Mongoose] products.find {} {}
[2025-02-25 01:03:28] INFO: Fetched all products successfully
[2025-02-25 01:03:28] INFO: Fetched all products successfully
[2025-02-25 01:04:37] INFO: [Mongoose] products.find {} {}
[2025-02-25 01:04:37] INFO: Fetched all products successfully
[2025-02-25 01:04:37] INFO: Fetched all products successfully
[2025-02-25 01:06:12] INFO: [Mongoose] products.find {} {}
[2025-02-25 01:06:12] INFO: Fetched all products successfully
[2025-02-25 01:06:12] INFO: Fetched all products successfully
[2025-02-25 01:06:20] INFO: [Mongoose] products.find {} {}
[2025-02-25 01:06:20] INFO: Fetched all products successfully
[2025-02-25 01:06:20] INFO: Fetched all products successfully
[2025-02-25 01:07:27] INFO: [Mongoose] products.findOne {"_id":"67abdf92da6dd3d2c0646580"} {}
[2025-02-25 01:07:27] INFO: Fetched product successfully: 67abdf92da6dd3d2c0646580
[2025-02-25 01:07:27] INFO: Fetched product successfully: 67abdf92da6dd3d2c0646580
[2025-02-25 01:07:31] INFO: [Mongoose] products.find {} {}
[2025-02-25 01:07:31] INFO: Fetched all products successfully
[2025-02-25 01:07:31] INFO: Fetched all products successfully
[2025-02-25 01:19:54] INFO: [Mongoose] products.findOne {"_id":"67abdf92da6dd3d2c0646580"} {}
[2025-02-25 01:19:54] INFO: Fetched product successfully: 67abdf92da6dd3d2c0646580
[2025-02-25 01:19:54] INFO: Fetched product successfully: 67abdf92da6dd3d2c0646580
[2025-02-25 01:19:57] INFO: [Mongoose] products.find {} {}
[2025-02-25 01:19:57] INFO: Fetched all products successfully
[2025-02-25 01:19:57] INFO: Fetched all products successfully
[2025-02-25 01:20:29] INFO: [Mongoose] products.find {} {}
[2025-02-25 01:20:29] INFO: Fetched all products successfully
[2025-02-25 01:20:29] INFO: Fetched all products successfully
[2025-02-25 01:21:52] INFO: [Mongoose] products.find {} {}
[2025-02-25 01:21:52] INFO: Fetched all products successfully
[2025-02-25 01:21:52] INFO: Fetched all products successfully
[2025-02-25 01:26:41] INFO: [Mongoose] products.find {} {}
[2025-02-25 01:26:41] INFO: Fetched all products successfully
[2025-02-25 01:26:41] INFO: Fetched all products successfully
[2025-02-25 01:27:02] INFO: [Mongoose] products.find {} {}
[2025-02-25 01:27:02] INFO: Fetched all products successfully
[2025-02-25 01:27:02] INFO: Fetched all products successfully
[2025-02-25 01:27:07] INFO: [Mongoose] products.find {} {}
[2025-02-25 01:27:07] INFO: Fetched all products successfully
[2025-02-25 01:27:07] INFO: Fetched all products successfully
[2025-02-25 01:28:35] INFO: [Mongoose] products.find {} {}
[2025-02-25 01:28:35] INFO: Fetched all products successfully
[2025-02-25 01:28:35] INFO: Fetched all products successfully
[2025-02-25 01:28:35] INFO: [Mongoose] products.find {} {}
[2025-02-25 01:28:35] INFO: Fetched all products successfully
[2025-02-25 01:28:35] INFO: Fetched all products successfully
[2025-02-25 01:28:53] INFO: [Mongoose] products.find {} {}
[2025-02-25 01:28:53] INFO: Fetched all products successfully
[2025-02-25 01:28:53] INFO: Fetched all products successfully
[2025-02-25 01:28:55] INFO: [Mongoose] products.find {} {}
[2025-02-25 01:28:55] INFO: Fetched all products successfully
[2025-02-25 01:28:55] INFO: Fetched all products successfully
[2025-02-25 01:28:55] INFO: [Mongoose] products.find {} {}
[2025-02-25 01:28:55] INFO: Fetched all products successfully
[2025-02-25 01:28:55] INFO: Fetched all products successfully
[2025-02-25 01:28:58] INFO: [Mongoose] products.find {} {}
[2025-02-25 01:28:58] INFO: Fetched all products successfully
[2025-02-25 01:28:58] INFO: Fetched all products successfully
[2025-02-25 01:29:09] INFO: [Mongoose] users.findOne {"email":"btsm2876@gmail.com"} {}
[2025-02-25 01:29:10] INFO: [Mongoose] users.updateOne {"_id":"67a541bc084d72c40c33cd7e","__v":48} {"$set":{"tokens":["eyJhbGciOiJIUzI1NiIsInR5cCI6IkpXVCJ9.eyJpZCI6IjY3YTU0MWJjMDg0ZDcyYzQwYzMzY2Q3ZSIsImVtYWlsIjoiYnRzbTI4NzZAZ21haWwuY29tIiwicm9sZSI6ImFkbWluIiwiaWF0IjoxNzQwNDQzMzUwLCJleHAiOjE3NDA3MDI1NTB9.X3PLd64cquO7o9FsdHpWnBvuj8nuZvSgBxX5CQQdbmQ"],"lastLogin":"2025-02-25T00:29:10.191Z","updatedAt":"2025-02-25T00:29:10.192Z"},"$inc":{"__v":1}}
[2025-02-25 01:29:10] INFO: [Mongoose] carts.find {} {}
[2025-02-25 01:29:10] INFO: [Mongoose] products.find {} {}
[2025-02-25 01:29:10] INFO: Fetched all products successfully
[2025-02-25 01:29:10] INFO: Fetched all products successfully
[2025-02-25 01:31:44] INFO: [Mongoose] products.find {} {}
[2025-02-25 01:31:44] INFO: Fetched all products successfully
[2025-02-25 01:31:44] INFO: Fetched all products successfully
[2025-02-25 01:31:56] INFO: [Mongoose] products.find {} {}
[2025-02-25 01:31:56] INFO: Fetched all products successfully
[2025-02-25 01:31:56] INFO: Fetched all products successfully
[2025-02-25 01:33:35] INFO: [Mongoose] products.find {} {}
[2025-02-25 01:33:35] INFO: Fetched all products successfully
[2025-02-25 01:33:35] INFO: Fetched all products successfully
[2025-02-25 01:34:20] INFO: [Mongoose] products.find {} {}
[2025-02-25 01:34:20] INFO: Fetched all products successfully
[2025-02-25 01:34:20] INFO: Fetched all products successfully
[2025-02-25 01:36:16] INFO: [Mongoose] products.find {} {}
[2025-02-25 01:36:16] INFO: Fetched all products successfully
[2025-02-25 01:36:16] INFO: Fetched all products successfully
[2025-02-25 01:36:53] INFO: [Mongoose] products.find {} {}
[2025-02-25 01:36:53] INFO: Fetched all products successfully
[2025-02-25 01:36:53] INFO: Fetched all products successfully
[2025-02-25 01:37:12] INFO: [Mongoose] products.find {} {}
[2025-02-25 01:37:12] INFO: Fetched all products successfully
[2025-02-25 01:37:12] INFO: Fetched all products successfully
[2025-02-25 01:43:28] INFO: [Mongoose] users.findOne {"email":"btsm2876@gmail.com"} {}
[2025-02-25 01:43:28] INFO: [Mongoose] users.updateOne {"_id":"67a541bc084d72c40c33cd7e","__v":49} {"$set":{"tokens":["eyJhbGciOiJIUzI1NiIsInR5cCI6IkpXVCJ9.eyJpZCI6IjY3YTU0MWJjMDg0ZDcyYzQwYzMzY2Q3ZSIsImVtYWlsIjoiYnRzbTI4NzZAZ21haWwuY29tIiwicm9sZSI6ImFkbWluIiwiaWF0IjoxNzQwNDQ0MjA4LCJleHAiOjE3NDA3MDM0MDh9.KPxSr0XooERa1KH7-5WEqvsmWrn3SvE402trWwXA6ws"],"lastLogin":"2025-02-25T00:43:28.855Z","updatedAt":"2025-02-25T00:43:28.855Z"},"$inc":{"__v":1}}
[2025-02-25 01:43:28] INFO: [Mongoose] carts.find {} {}
[2025-02-25 01:43:28] INFO: [Mongoose] products.find {} {}
[2025-02-25 01:43:28] INFO: Fetched all products successfully
[2025-02-25 01:43:28] INFO: Fetched all products successfully
[2025-02-25 01:43:41] INFO: [Mongoose] products.find {} {}
[2025-02-25 01:43:41] INFO: Fetched all products successfully
[2025-02-25 01:43:41] INFO: Fetched all products successfully
[2025-02-25 01:43:53] INFO: [Mongoose] products.find {} {}
[2025-02-25 01:43:53] INFO: Fetched all products successfully
[2025-02-25 01:43:53] INFO: Fetched all products successfully
[2025-02-25 01:49:35] INFO: [Mongoose] products.find {} {}
[2025-02-25 01:49:35] INFO: Fetched all products successfully
[2025-02-25 01:49:35] INFO: Fetched all products successfully
[2025-02-25 01:52:43] INFO: [Mongoose] products.find {} {}
[2025-02-25 01:52:43] INFO: Fetched all products successfully
[2025-02-25 01:52:43] INFO: Fetched all products successfully
[2025-02-25 01:53:05] INFO: [Mongoose] products.find {} {}
[2025-02-25 01:53:05] INFO: Fetched all products successfully
[2025-02-25 01:53:05] INFO: Fetched all products successfully
[2025-02-25 01:53:10] INFO: [Mongoose] products.find {} {}
[2025-02-25 01:53:10] INFO: Fetched all products successfully
[2025-02-25 01:53:10] INFO: Fetched all products successfully
[2025-02-25 01:53:13] INFO: [Mongoose] products.findOne {"_id":"67abdf92da6dd3d2c0646580"} {}
[2025-02-25 01:53:13] INFO: Fetched product successfully: 67abdf92da6dd3d2c0646580
[2025-02-25 01:53:13] INFO: Fetched product successfully: 67abdf92da6dd3d2c0646580
[2025-02-25 01:53:17] INFO: [Mongoose] products.find {} {}
[2025-02-25 01:53:17] INFO: Fetched all products successfully
[2025-02-25 01:53:17] INFO: Fetched all products successfully
[2025-02-25 01:57:01] INFO: [Mongoose] products.find {} {}
[2025-02-25 01:57:01] INFO: Fetched all products successfully
[2025-02-25 01:57:01] INFO: Fetched all products successfully
[2025-02-25 01:57:04] INFO: [Mongoose] products.findOne {"_id":"67abdf92da6dd3d2c0646580"} {}
[2025-02-25 01:57:04] INFO: Fetched product successfully: 67abdf92da6dd3d2c0646580
[2025-02-25 01:57:04] INFO: Fetched product successfully: 67abdf92da6dd3d2c0646580
[2025-02-25 01:57:10] INFO: [Mongoose] products.find {} {}
[2025-02-25 01:57:10] INFO: Fetched all products successfully
[2025-02-25 01:57:10] INFO: Fetched all products successfully
[2025-02-25 01:57:50] INFO: [Mongoose] products.find {} {}
[2025-02-25 01:57:50] INFO: Fetched all products successfully
[2025-02-25 01:57:50] INFO: Fetched all products successfully
[2025-02-25 01:58:06] INFO: [Mongoose] products.find {} {}
[2025-02-25 01:58:06] INFO: Fetched all products successfully
[2025-02-25 01:58:06] INFO: Fetched all products successfully
[2025-02-26 14:49:54] INFO: Database connection established
[2025-02-26 14:49:54] INFO: Server is listening on port 8080
[2025-02-26 14:50:33] INFO: [Mongoose] products.find {} {}
[2025-02-26 14:50:33] INFO: Fetched all products successfully
[2025-02-26 14:50:33] INFO: Fetched all products successfully
[2025-02-26 14:50:49] INFO: [Mongoose] users.findOne {"email":"btsm2876@gmail.com"} {}
[2025-02-26 14:50:50] INFO: [Mongoose] users.updateOne {"_id":"67a541bc084d72c40c33cd7e","__v":50} {"$set":{"tokens":["eyJhbGciOiJIUzI1NiIsInR5cCI6IkpXVCJ9.eyJpZCI6IjY3YTU0MWJjMDg0ZDcyYzQwYzMzY2Q3ZSIsImVtYWlsIjoiYnRzbTI4NzZAZ21haWwuY29tIiwicm9sZSI6ImFkbWluIiwiaWF0IjoxNzQwNTc3ODUwLCJleHAiOjE3NDA4MzcwNTB9.wGlAM0BMdt9RwiqE3BQhacxRr4UwnCe0G_AFddRtHac"],"lastLogin":"2025-02-26T13:50:50.400Z","updatedAt":"2025-02-26T13:50:50.406Z"},"$inc":{"__v":1}}
[2025-02-26 14:50:50] INFO: [Mongoose] carts.find {} {}
[2025-02-26 14:50:50] INFO: [Mongoose] products.find {} {}
[2025-02-26 14:50:50] INFO: Fetched all products successfully
[2025-02-26 14:50:50] INFO: Fetched all products successfully
[2025-02-26 14:51:18] INFO: [Mongoose] products.find {} {}
[2025-02-26 14:51:18] INFO: Fetched all products successfully
[2025-02-26 14:51:18] INFO: Fetched all products successfully
[2025-02-26 14:51:35] INFO: [Mongoose] products.find {} {}
[2025-02-26 14:51:35] INFO: Fetched all products successfully
[2025-02-26 14:51:35] INFO: Fetched all products successfully
[2025-02-26 14:51:40] INFO: [Mongoose] products.findOne {"_id":"67abdf92da6dd3d2c0646580"} {}
[2025-02-26 14:51:40] INFO: Fetched product successfully: 67abdf92da6dd3d2c0646580
[2025-02-26 14:51:40] INFO: Fetched product successfully: 67abdf92da6dd3d2c0646580
[2025-02-26 14:52:02] INFO: [Mongoose] products.find {} {}
[2025-02-26 14:52:02] INFO: Fetched all products successfully
[2025-02-26 14:52:02] INFO: Fetched all products successfully
[2025-02-26 14:52:02] INFO: [Mongoose] products.find {} {}
[2025-02-26 14:52:02] INFO: Fetched all products successfully
[2025-02-26 14:52:02] INFO: Fetched all products successfully
[2025-02-26 14:52:31] INFO: [Mongoose] products.find {} {}
[2025-02-26 14:52:31] INFO: Fetched all products successfully
[2025-02-26 14:52:31] INFO: Fetched all products successfully
[2025-02-26 14:52:44] INFO: [Mongoose] products.find {} {}
[2025-02-26 14:52:44] INFO: Fetched all products successfully
[2025-02-26 14:52:44] INFO: Fetched all products successfully
[2025-02-27 13:23:25] INFO: Database connection established
[2025-02-27 13:23:25] INFO: Server is listening on port 8080
[2025-02-27 13:23:46] INFO: [Mongoose] products.find {} {}
[2025-02-27 13:23:46] INFO: Fetched all products successfully
[2025-02-27 13:23:46] INFO: Fetched all products successfully
[2025-02-27 13:45:58] INFO: [Mongoose] users.findOne {"email":"btsm2876@gmail.com"} {}
[2025-02-27 13:45:58] INFO: [Mongoose] users.updateOne {"_id":"67a541bc084d72c40c33cd7e","__v":51} {"$set":{"tokens":["eyJhbGciOiJIUzI1NiIsInR5cCI6IkpXVCJ9.eyJpZCI6IjY3YTU0MWJjMDg0ZDcyYzQwYzMzY2Q3ZSIsImVtYWlsIjoiYnRzbTI4NzZAZ21haWwuY29tIiwicm9sZSI6ImFkbWluIiwiaWF0IjoxNzQwNjYwMzU4LCJleHAiOjE3NDA5MTk1NTh9.OWdhXIiQeJdvFuPiULFq2XBnB3WqTCv9EBaMMQkB0Jo"],"lastLogin":"2025-02-27T12:45:58.508Z","updatedAt":"2025-02-27T12:45:58.513Z"},"$inc":{"__v":1}}
[2025-02-27 13:45:58] INFO: [Mongoose] carts.find {} {}
[2025-02-27 13:45:58] INFO: [Mongoose] products.find {} {}
[2025-02-27 13:45:58] INFO: Fetched all products successfully
[2025-02-27 13:45:58] INFO: Fetched all products successfully
[2025-02-27 13:46:07] INFO: [Mongoose] products.find {} {}
[2025-02-27 13:46:07] INFO: Fetched all products successfully
[2025-02-27 13:46:07] INFO: Fetched all products successfully
[2025-02-27 13:46:19] INFO: [Mongoose] products.find {} {}
[2025-02-27 13:46:19] INFO: Fetched all products successfully
[2025-02-27 13:46:19] INFO: Fetched all products successfully
[2025-02-27 14:01:42] INFO: [Mongoose] products.find {"category":"Ornament"} {}
[2025-02-27 14:01:42] INFO: Fetched products for category: Ornament
[2025-02-27 14:01:42] INFO: Fetched products for category: Ornament
[2025-02-27 14:01:44] INFO: [Mongoose] products.find {"category":"Kitchen"} {}
[2025-02-27 14:01:44] INFO: Fetched products for category: Kitchen
[2025-02-27 14:01:44] INFO: Fetched products for category: Kitchen
[2025-02-27 14:01:46] INFO: [Mongoose] products.find {"category":"Drink"} {}
[2025-02-27 14:01:46] INFO: Fetched products for category: Drink
[2025-02-27 14:01:46] INFO: Fetched products for category: Drink
[2025-02-27 14:01:48] INFO: [Mongoose] products.find {"category":"Dessert"} {}
[2025-02-27 14:01:48] INFO: Fetched products for category: Dessert
[2025-02-27 14:01:48] INFO: Fetched products for category: Dessert
[2025-02-27 14:02:46] INFO: [Mongoose] products.find {"category":"Ornament"} {}
[2025-02-27 14:02:46] INFO: Fetched products for category: Ornament
[2025-02-27 14:02:46] INFO: Fetched products for category: Ornament
[2025-02-27 14:03:00] INFO: [Mongoose] products.find {} {}
[2025-02-27 14:03:00] INFO: Fetched all products successfully
[2025-02-27 14:03:00] INFO: Fetched all products successfully
[2025-03-03 12:39:03] INFO: Database connection established
[2025-03-03 12:39:03] INFO: Server is listening on port 8080
[2025-03-03 12:39:07] INFO: [Mongoose] products.find {} {}
[2025-03-03 12:39:08] INFO: Fetched all products successfully
[2025-03-03 12:39:08] INFO: Fetched all products successfully
[2025-03-03 12:42:03] INFO: [Mongoose] users.findOne {"email":"btsm2876@gmail.com"} {}
[2025-03-03 12:42:03] INFO: [Mongoose] users.updateOne {"_id":"67a541bc084d72c40c33cd7e","__v":52} {"$set":{"tokens":["eyJhbGciOiJIUzI1NiIsInR5cCI6IkpXVCJ9.eyJpZCI6IjY3YTU0MWJjMDg0ZDcyYzQwYzMzY2Q3ZSIsImVtYWlsIjoiYnRzbTI4NzZAZ21haWwuY29tIiwicm9sZSI6ImFkbWluIiwiaWF0IjoxNzQxMDAyMTIzLCJleHAiOjE3NDEyNjEzMjN9.aQel4IDfmJ2-qSJy_TJ19G1xOJIruj8o6gwm9_6ohjE"],"lastLogin":"2025-03-03T11:42:03.845Z","updatedAt":"2025-03-03T11:42:03.849Z"},"$inc":{"__v":1}}
[2025-03-03 12:42:03] INFO: [Mongoose] carts.find {} {}
[2025-03-03 12:42:03] ERROR: Order service - listAllOrder error: Invalid user information
[2025-03-03 12:42:03] ERROR: Error listing orders: Invalid user information
[2025-03-03 12:42:03] INFO: [Mongoose] products.find {} {}
[2025-03-03 12:42:03] INFO: Fetched all products successfully
[2025-03-03 12:42:03] INFO: Fetched all products successfully
[2025-03-03 12:42:11] INFO: [Mongoose] products.find {} {}
[2025-03-03 12:42:11] INFO: Fetched all products successfully
[2025-03-03 12:42:11] INFO: Fetched all products successfully
[2025-03-03 12:42:16] INFO: [Mongoose] products.find {} {}
[2025-03-03 12:42:16] INFO: Fetched all products successfully
[2025-03-03 12:42:16] INFO: Fetched all products successfully
[2025-03-03 12:42:48] INFO: [Mongoose] products.find {} {}
[2025-03-03 12:42:48] INFO: Fetched all products successfully
[2025-03-03 12:42:48] INFO: Fetched all products successfully
[2025-03-03 12:42:50] INFO: [Mongoose] products.find {} {}
[2025-03-03 12:42:50] INFO: Fetched all products successfully
[2025-03-03 12:42:50] INFO: Fetched all products successfully
[2025-03-03 12:42:51] INFO: [Mongoose] products.find {} {}
[2025-03-03 12:42:51] INFO: Fetched all products successfully
[2025-03-03 12:42:51] INFO: Fetched all products successfully
[2025-03-03 12:42:52] INFO: [Mongoose] products.find {} {}
[2025-03-03 12:42:52] INFO: Fetched all products successfully
[2025-03-03 12:42:52] INFO: Fetched all products successfully
[2025-03-03 12:42:52] INFO: [Mongoose] products.find {} {}
[2025-03-03 12:42:52] INFO: Fetched all products successfully
[2025-03-03 12:42:52] INFO: Fetched all products successfully
[2025-03-03 12:43:58] INFO: [Mongoose] products.find {} {}
[2025-03-03 12:43:58] INFO: Fetched all products successfully
[2025-03-03 12:43:58] INFO: Fetched all products successfully
[2025-03-03 12:43:58] INFO: [Mongoose] products.find {} {}
[2025-03-03 12:43:58] INFO: Fetched all products successfully
[2025-03-03 12:43:58] INFO: Fetched all products successfully
[2025-03-03 12:43:59] INFO: [Mongoose] products.find {} {}
[2025-03-03 12:43:59] INFO: Fetched all products successfully
[2025-03-03 12:43:59] INFO: Fetched all products successfully
[2025-03-03 12:43:59] INFO: [Mongoose] products.find {} {}
[2025-03-03 12:43:59] INFO: Fetched all products successfully
[2025-03-03 12:43:59] INFO: Fetched all products successfully
[2025-03-03 12:44:00] INFO: [Mongoose] products.find {} {}
[2025-03-03 12:44:00] INFO: Fetched all products successfully
[2025-03-03 12:44:00] INFO: Fetched all products successfully
[2025-03-03 12:44:00] INFO: [Mongoose] products.find {} {}
[2025-03-03 12:44:00] INFO: Fetched all products successfully
[2025-03-03 12:44:00] INFO: Fetched all products successfully
[2025-03-03 12:44:00] INFO: [Mongoose] products.find {} {}
[2025-03-03 12:44:00] INFO: Fetched all products successfully
[2025-03-03 12:44:00] INFO: Fetched all products successfully
[2025-03-03 12:44:00] INFO: [Mongoose] products.find {} {}
[2025-03-03 12:44:00] INFO: Fetched all products successfully
[2025-03-03 12:44:00] INFO: Fetched all products successfully
[2025-03-03 12:44:00] INFO: [Mongoose] products.find {} {}
[2025-03-03 12:44:00] INFO: Fetched all products successfully
[2025-03-03 12:44:00] INFO: Fetched all products successfully
[2025-03-03 12:44:00] INFO: [Mongoose] products.find {} {}
[2025-03-03 12:44:00] INFO: Fetched all products successfully
[2025-03-03 12:44:00] INFO: Fetched all products successfully
[2025-03-03 12:44:01] INFO: [Mongoose] products.find {} {}
[2025-03-03 12:44:01] INFO: Fetched all products successfully
[2025-03-03 12:44:01] INFO: Fetched all products successfully
[2025-03-03 12:44:01] INFO: [Mongoose] products.find {} {}
[2025-03-03 12:44:01] INFO: Fetched all products successfully
[2025-03-03 12:44:01] INFO: Fetched all products successfully
[2025-03-03 12:44:02] INFO: [Mongoose] products.find {} {}
[2025-03-03 12:44:02] INFO: Fetched all products successfully
[2025-03-03 12:44:02] INFO: Fetched all products successfully
[2025-03-03 12:44:04] INFO: [Mongoose] products.find {"category":"Ornament"} {}
[2025-03-03 12:44:04] INFO: Fetched products for category: Ornament
[2025-03-03 12:44:04] INFO: Fetched products for category: Ornament
[2025-03-03 12:44:04] INFO: [Mongoose] products.find {} {}
[2025-03-03 12:44:04] INFO: Fetched all products successfully
[2025-03-03 12:44:04] INFO: Fetched all products successfully
[2025-03-03 12:44:11] INFO: [Mongoose] products.find {} {}
[2025-03-03 12:44:11] INFO: Fetched all products successfully
[2025-03-03 12:44:11] INFO: Fetched all products successfully
[2025-03-03 12:44:18] INFO: [Mongoose] products.find {} {}
[2025-03-03 12:44:18] INFO: Fetched all products successfully
[2025-03-03 12:44:18] INFO: Fetched all products successfully
[2025-03-03 12:44:25] INFO: [Mongoose] products.find {} {}
[2025-03-03 12:44:25] INFO: Fetched all products successfully
[2025-03-03 12:44:25] INFO: Fetched all products successfully
[2025-03-03 12:45:54] INFO: [Mongoose] products.find {} {}
[2025-03-03 12:45:54] INFO: Fetched all products successfully
[2025-03-03 12:45:54] INFO: Fetched all products successfully
[2025-03-03 12:46:11] INFO: [Mongoose] products.find {} {}
[2025-03-03 12:46:11] INFO: Fetched all products successfully
[2025-03-03 12:46:11] INFO: Fetched all products successfully
[2025-03-03 12:46:15] INFO: [Mongoose] products.find {} {}
[2025-03-03 12:46:15] INFO: Fetched all products successfully
[2025-03-03 12:46:15] INFO: Fetched all products successfully
[2025-03-03 12:46:22] INFO: [Mongoose] products.find {} {}
[2025-03-03 12:46:22] INFO: Fetched all products successfully
[2025-03-03 12:46:22] INFO: Fetched all products successfully
[2025-03-03 13:11:03] INFO: [Mongoose] products.find {} {}
[2025-03-03 13:11:03] INFO: Fetched all products successfully
[2025-03-03 13:11:03] INFO: Fetched all products successfully
[2025-03-03 13:13:14] INFO: [Mongoose] products.find {} {}
[2025-03-03 13:13:14] INFO: Fetched all products successfully
[2025-03-03 13:13:14] INFO: Fetched all products successfully
[2025-03-03 13:13:22] INFO: [Mongoose] products.find {} {}
[2025-03-03 13:13:22] INFO: Fetched all products successfully
[2025-03-03 13:13:22] INFO: Fetched all products successfully
[2025-03-03 13:18:06] INFO: [Mongoose] users.findOne {"email":"btsm2876@gmail.com"} {}
[2025-03-03 13:18:06] INFO: [Mongoose] users.updateOne {"_id":"67a541bc084d72c40c33cd7e","__v":53} {"$set":{"tokens":["eyJhbGciOiJIUzI1NiIsInR5cCI6IkpXVCJ9.eyJpZCI6IjY3YTU0MWJjMDg0ZDcyYzQwYzMzY2Q3ZSIsImVtYWlsIjoiYnRzbTI4NzZAZ21haWwuY29tIiwicm9sZSI6ImFkbWluIiwiaWF0IjoxNzQxMDA0Mjg2LCJleHAiOjE3NDEyNjM0ODZ9.G_JWFJcGJJ0lcmBo0AO-ZMBYiZuA1yQ9QyzRUJF8VZY"],"lastLogin":"2025-03-03T12:18:06.683Z","updatedAt":"2025-03-03T12:18:06.685Z"},"$inc":{"__v":1}}
[2025-03-03 13:18:06] INFO: [Mongoose] carts.find {} {}
[2025-03-03 13:18:06] ERROR: Order service - listAllOrder error: Invalid user information
[2025-03-03 13:18:06] ERROR: Error listing orders: Invalid user information
[2025-03-03 13:18:06] INFO: [Mongoose] products.find {} {}
[2025-03-03 13:18:06] INFO: Fetched all products successfully
[2025-03-03 13:18:06] INFO: Fetched all products successfully
[2025-03-03 13:41:40] INFO: [Mongoose] products.find {} {}
[2025-03-03 13:41:40] INFO: Fetched all products successfully
[2025-03-03 13:41:40] INFO: Fetched all products successfully
[2025-03-03 13:43:15] INFO: [Mongoose] products.find {} {}
[2025-03-03 13:43:15] INFO: Fetched all products successfully
[2025-03-03 13:43:15] INFO: Fetched all products successfully
[2025-03-03 13:43:24] INFO: [Mongoose] products.find {} {}
[2025-03-03 13:43:24] INFO: Fetched all products successfully
[2025-03-03 13:43:24] INFO: Fetched all products successfully
[2025-03-03 13:43:27] INFO: [Mongoose] products.find {} {}
[2025-03-03 13:43:27] INFO: Fetched all products successfully
[2025-03-03 13:43:27] INFO: Fetched all products successfully
[2025-03-03 13:43:35] INFO: [Mongoose] products.find {} {}
[2025-03-03 13:43:35] INFO: Fetched all products successfully
[2025-03-03 13:43:35] INFO: Fetched all products successfully
[2025-03-03 13:44:27] INFO: [Mongoose] products.find {} {}
[2025-03-03 13:44:27] INFO: Fetched all products successfully
[2025-03-03 13:44:27] INFO: Fetched all products successfully
[2025-03-03 13:44:28] INFO: [Mongoose] products.find {} {}
[2025-03-03 13:44:28] INFO: Fetched all products successfully
[2025-03-03 13:44:28] INFO: Fetched all products successfully
[2025-03-03 13:44:43] INFO: [Mongoose] users.findOne {"email":"btsm2876@gmail.com"} {}
[2025-03-03 13:44:44] INFO: [Mongoose] users.updateOne {"_id":"67a541bc084d72c40c33cd7e","__v":54} {"$set":{"tokens":["eyJhbGciOiJIUzI1NiIsInR5cCI6IkpXVCJ9.eyJpZCI6IjY3YTU0MWJjMDg0ZDcyYzQwYzMzY2Q3ZSIsImVtYWlsIjoiYnRzbTI4NzZAZ21haWwuY29tIiwicm9sZSI6ImFkbWluIiwiaWF0IjoxNzQxMDA1ODg0LCJleHAiOjE3NDEyNjUwODR9.Of2ARnz0WLqsiSJOSxVDNLguyNdWcuRCiSr015CIHXk"],"lastLogin":"2025-03-03T12:44:44.016Z","updatedAt":"2025-03-03T12:44:44.017Z"},"$inc":{"__v":1}}
[2025-03-03 13:44:44] INFO: [Mongoose] carts.find {} {}
[2025-03-03 13:44:44] ERROR: Order service - listAllOrder error: Invalid user information
[2025-03-03 13:44:44] ERROR: Error listing orders: Invalid user information
[2025-03-03 13:44:44] INFO: [Mongoose] products.find {} {}
[2025-03-03 13:44:44] INFO: Fetched all products successfully
[2025-03-03 13:44:44] INFO: Fetched all products successfully
[2025-03-03 13:45:20] INFO: [Mongoose] products.find {} {}
[2025-03-03 13:45:20] INFO: Fetched all products successfully
[2025-03-03 13:45:20] INFO: Fetched all products successfully
[2025-03-03 13:45:28] ERROR: Order service - listAllOrder error: Invalid user information
[2025-03-03 13:45:28] ERROR: Error listing orders: Invalid user information
[2025-03-03 13:45:30] ERROR: Order service - listAllOrder error: Invalid user information
[2025-03-03 13:45:30] ERROR: Error listing orders: Invalid user information
[2025-03-03 13:45:31] ERROR: Order service - listAllOrder error: Invalid user information
[2025-03-03 13:45:31] ERROR: Error listing orders: Invalid user information
[2025-03-03 13:45:33] INFO: [Mongoose] products.find {} {}
[2025-03-03 13:45:33] INFO: Fetched all products successfully
[2025-03-03 13:45:33] INFO: Fetched all products successfully
[2025-03-03 13:45:33] INFO: [Mongoose] products.find {} {}
[2025-03-03 13:45:33] INFO: Fetched all products successfully
[2025-03-03 13:45:33] INFO: Fetched all products successfully
[2025-03-03 13:48:20] INFO: [Mongoose] products.find {} {}
[2025-03-03 13:48:20] INFO: Fetched all products successfully
[2025-03-03 13:48:20] INFO: Fetched all products successfully
[2025-03-03 13:48:30] INFO: [Mongoose] products.find {} {}
[2025-03-03 13:48:30] INFO: Fetched all products successfully
[2025-03-03 13:48:30] INFO: Fetched all products successfully
[2025-03-03 13:48:42] INFO: [Mongoose] products.find {} {}
[2025-03-03 13:48:42] INFO: Fetched all products successfully
[2025-03-03 13:48:42] INFO: Fetched all products successfully
[2025-03-03 13:50:38] INFO: [Mongoose] products.find {} {}
[2025-03-03 13:50:38] INFO: Fetched all products successfully
[2025-03-03 13:50:38] INFO: Fetched all products successfully
[2025-03-03 13:55:14] INFO: [Mongoose] products.find {} {}
[2025-03-03 13:55:14] INFO: Fetched all products successfully
[2025-03-03 13:55:14] INFO: Fetched all products successfully
[2025-03-03 13:55:24] INFO: [Mongoose] users.findOne {"email":"btsm2876@gmail.com"} {}
[2025-03-03 13:55:29] INFO: [Mongoose] users.findOne {"email":"btsm2876@gmail.com"} {}
[2025-03-03 13:55:36] INFO: [Mongoose] users.findOne {"email":"btsm2876@gmail.com"} {}
[2025-03-03 13:55:36] INFO: [Mongoose] users.updateOne {"_id":"67a541bc084d72c40c33cd7e","__v":55} {"$set":{"tokens":["eyJhbGciOiJIUzI1NiIsInR5cCI6IkpXVCJ9.eyJpZCI6IjY3YTU0MWJjMDg0ZDcyYzQwYzMzY2Q3ZSIsImVtYWlsIjoiYnRzbTI4NzZAZ21haWwuY29tIiwicm9sZSI6ImFkbWluIiwiaWF0IjoxNzQxMDA2NTM2LCJleHAiOjE3NDEyNjU3MzZ9.i-r2UNLkVRA-MvoNb-yQ7iCL5gyxObmRiaNwkqSgY9Q"],"lastLogin":"2025-03-03T12:55:36.799Z","updatedAt":"2025-03-03T12:55:36.800Z"},"$inc":{"__v":1}}
[2025-03-03 13:55:36] INFO: [Mongoose] carts.find {} {}
[2025-03-03 13:55:36] ERROR: Order service - listAllOrder error: Invalid user information
[2025-03-03 13:55:36] ERROR: Error listing orders: Invalid user information
[2025-03-03 13:55:36] INFO: [Mongoose] products.find {} {}
[2025-03-03 13:55:36] INFO: Fetched all products successfully
[2025-03-03 13:55:36] INFO: Fetched all products successfully
[2025-03-03 13:55:41] INFO: [Mongoose] products.find {} {}
[2025-03-03 13:55:41] INFO: Fetched all products successfully
[2025-03-03 13:55:41] INFO: Fetched all products successfully
[2025-03-03 13:55:41] INFO: [Mongoose] products.find {} {}
[2025-03-03 13:55:41] INFO: Fetched all products successfully
[2025-03-03 13:55:41] INFO: Fetched all products successfully
[2025-03-03 13:55:48] INFO: [Mongoose] products.find {} {}
[2025-03-03 13:55:48] INFO: Fetched all products successfully
[2025-03-03 13:55:48] INFO: Fetched all products successfully
[2025-03-03 13:55:48] INFO: [Mongoose] products.find {} {}
[2025-03-03 13:55:48] INFO: Fetched all products successfully
[2025-03-03 13:55:48] INFO: Fetched all products successfully
[2025-03-03 13:55:51] INFO: [Mongoose] products.find {} {}
[2025-03-03 13:55:51] INFO: Fetched all products successfully
[2025-03-03 13:55:51] INFO: Fetched all products successfully
[2025-03-03 21:22:48] INFO: [Mongoose] products.find {} {}
[2025-03-03 21:22:48] INFO: Fetched all products successfully
[2025-03-03 21:22:48] INFO: Fetched all products successfully
[2025-03-03 21:27:11] INFO: [Mongoose] products.find {} {}
[2025-03-03 21:27:11] INFO: Fetched all products successfully
[2025-03-03 21:27:11] INFO: Fetched all products successfully
[2025-03-03 21:27:16] INFO: [Mongoose] products.find {} {}
[2025-03-03 21:27:16] INFO: Fetched all products successfully
[2025-03-03 21:27:16] INFO: Fetched all products successfully
[2025-03-03 21:27:43] INFO: [Mongoose] products.find {} {}
[2025-03-03 21:27:43] INFO: Fetched all products successfully
[2025-03-03 21:27:43] INFO: Fetched all products successfully
[2025-03-03 21:28:35] INFO: [Mongoose] products.find {} {}
[2025-03-03 21:28:35] INFO: Fetched all products successfully
[2025-03-03 21:28:35] INFO: Fetched all products successfully
[2025-03-03 21:29:04] INFO: [Mongoose] products.find {} {}
[2025-03-03 21:29:04] INFO: Fetched all products successfully
[2025-03-03 21:29:04] INFO: Fetched all products successfully
[2025-03-03 21:29:10] INFO: [Mongoose] products.find {} {}
[2025-03-03 21:29:10] INFO: Fetched all products successfully
[2025-03-03 21:29:10] INFO: Fetched all products successfully
[2025-03-03 21:29:21] INFO: [Mongoose] products.find {} {}
[2025-03-03 21:29:21] INFO: Fetched all products successfully
[2025-03-03 21:29:21] INFO: Fetched all products successfully
[2025-03-03 21:29:24] INFO: [Mongoose] products.find {} {}
[2025-03-03 21:29:24] INFO: Fetched all products successfully
[2025-03-03 21:29:24] INFO: Fetched all products successfully
[2025-03-03 21:29:26] INFO: [Mongoose] products.find {} {}
[2025-03-03 21:29:26] INFO: Fetched all products successfully
[2025-03-03 21:29:26] INFO: Fetched all products successfully
[2025-03-03 21:29:28] INFO: [Mongoose] products.find {} {}
[2025-03-03 21:29:28] INFO: Fetched all products successfully
[2025-03-03 21:29:28] INFO: Fetched all products successfully
[2025-03-03 21:29:29] INFO: [Mongoose] products.find {} {}
[2025-03-03 21:29:30] INFO: Fetched all products successfully
[2025-03-03 21:29:30] INFO: Fetched all products successfully
[2025-03-03 21:29:32] INFO: [Mongoose] products.find {} {}
[2025-03-03 21:29:32] INFO: Fetched all products successfully
[2025-03-03 21:29:32] INFO: Fetched all products successfully
[2025-03-03 21:29:35] INFO: [Mongoose] products.find {} {}
[2025-03-03 21:29:35] INFO: Fetched all products successfully
[2025-03-03 21:29:35] INFO: Fetched all products successfully
[2025-03-03 21:29:36] INFO: [Mongoose] products.find {} {}
[2025-03-03 21:29:36] INFO: Fetched all products successfully
[2025-03-03 21:29:37] INFO: Fetched all products successfully
[2025-03-03 21:29:39] INFO: [Mongoose] products.find {} {}
[2025-03-03 21:29:40] INFO: Fetched all products successfully
[2025-03-03 21:29:40] INFO: Fetched all products successfully
[2025-03-03 21:29:45] INFO: [Mongoose] products.find {} {}
[2025-03-03 21:29:45] INFO: Fetched all products successfully
[2025-03-03 21:29:45] INFO: Fetched all products successfully
[2025-03-03 21:29:46] INFO: [Mongoose] products.find {} {}
[2025-03-03 21:29:46] INFO: Fetched all products successfully
[2025-03-03 21:29:46] INFO: Fetched all products successfully
[2025-03-03 21:29:51] INFO: [Mongoose] products.find {} {}
[2025-03-03 21:29:51] INFO: Fetched all products successfully
[2025-03-03 21:29:51] INFO: Fetched all products successfully
[2025-03-03 21:29:54] INFO: [Mongoose] products.find {} {}
[2025-03-03 21:29:54] INFO: Fetched all products successfully
[2025-03-03 21:29:54] INFO: Fetched all products successfully
[2025-03-03 21:29:56] INFO: [Mongoose] products.find {} {}
[2025-03-03 21:29:56] INFO: Fetched all products successfully
[2025-03-03 21:29:56] INFO: Fetched all products successfully
[2025-03-03 21:29:58] INFO: [Mongoose] products.find {} {}
[2025-03-03 21:29:58] INFO: Fetched all products successfully
[2025-03-03 21:29:58] INFO: Fetched all products successfully
[2025-03-03 21:30:02] INFO: [Mongoose] products.find {} {}
[2025-03-03 21:30:02] INFO: Fetched all products successfully
[2025-03-03 21:30:02] INFO: Fetched all products successfully
[2025-03-03 21:30:04] INFO: [Mongoose] products.find {} {}
[2025-03-03 21:30:04] INFO: Fetched all products successfully
[2025-03-03 21:30:04] INFO: Fetched all products successfully
[2025-03-03 21:30:10] INFO: [Mongoose] products.find {} {}
[2025-03-03 21:30:10] INFO: Fetched all products successfully
[2025-03-03 21:30:10] INFO: Fetched all products successfully
[2025-03-03 21:30:14] INFO: [Mongoose] products.find {} {}
[2025-03-03 21:30:14] INFO: Fetched all products successfully
[2025-03-03 21:30:14] INFO: Fetched all products successfully
[2025-03-03 21:30:16] INFO: [Mongoose] products.find {} {}
[2025-03-03 21:30:16] INFO: Fetched all products successfully
[2025-03-03 21:30:17] INFO: Fetched all products successfully
[2025-03-03 21:30:21] INFO: [Mongoose] products.find {} {}
[2025-03-03 21:30:21] INFO: Fetched all products successfully
[2025-03-03 21:30:21] INFO: Fetched all products successfully
[2025-03-03 21:30:23] INFO: [Mongoose] products.find {} {}
[2025-03-03 21:30:24] INFO: Fetched all products successfully
[2025-03-03 21:30:24] INFO: Fetched all products successfully
[2025-03-03 21:30:26] INFO: [Mongoose] products.find {} {}
[2025-03-03 21:30:26] INFO: Fetched all products successfully
[2025-03-03 21:30:26] INFO: Fetched all products successfully
[2025-03-03 21:30:28] INFO: [Mongoose] products.find {} {}
[2025-03-03 21:30:28] INFO: Fetched all products successfully
[2025-03-03 21:30:28] INFO: Fetched all products successfully
[2025-03-03 21:30:31] INFO: [Mongoose] products.find {} {}
[2025-03-03 21:30:31] INFO: Fetched all products successfully
[2025-03-03 21:30:31] INFO: Fetched all products successfully
[2025-03-03 21:30:32] INFO: [Mongoose] products.find {} {}
[2025-03-03 21:30:33] INFO: Fetched all products successfully
[2025-03-03 21:30:33] INFO: Fetched all products successfully
[2025-03-03 21:30:33] INFO: [Mongoose] products.find {} {}
[2025-03-03 21:30:33] INFO: Fetched all products successfully
[2025-03-03 21:30:33] INFO: Fetched all products successfully
[2025-03-03 21:30:36] INFO: [Mongoose] products.find {} {}
[2025-03-03 21:30:36] INFO: Fetched all products successfully
[2025-03-03 21:30:36] INFO: Fetched all products successfully
[2025-03-03 21:30:39] INFO: [Mongoose] products.find {} {}
[2025-03-03 21:30:39] INFO: Fetched all products successfully
[2025-03-03 21:30:39] INFO: Fetched all products successfully
[2025-03-03 21:31:08] INFO: [Mongoose] products.find {} {}
[2025-03-03 21:31:08] INFO: Fetched all products successfully
[2025-03-03 21:31:08] INFO: Fetched all products successfully
[2025-03-03 21:31:44] INFO: [Mongoose] products.find {} {}
[2025-03-03 21:31:44] INFO: Fetched all products successfully
[2025-03-03 21:31:44] INFO: Fetched all products successfully
[2025-03-03 21:31:56] INFO: [Mongoose] products.find {} {}
[2025-03-03 21:31:56] INFO: Fetched all products successfully
[2025-03-03 21:31:56] INFO: Fetched all products successfully
[2025-03-03 21:32:17] INFO: [Mongoose] products.find {} {}
[2025-03-03 21:32:17] INFO: Fetched all products successfully
[2025-03-03 21:32:17] INFO: Fetched all products successfully
[2025-03-03 21:32:27] INFO: [Mongoose] products.find {} {}
[2025-03-03 21:32:27] INFO: Fetched all products successfully
[2025-03-03 21:32:27] INFO: Fetched all products successfully
[2025-03-03 21:32:36] INFO: [Mongoose] products.find {} {}
[2025-03-03 21:32:36] INFO: Fetched all products successfully
[2025-03-03 21:32:36] INFO: Fetched all products successfully
[2025-03-03 21:32:59] INFO: [Mongoose] users.findOne {"email":"btsm2876@gmail.com"} {}
[2025-03-03 21:33:07] INFO: [Mongoose] users.findOne {"email":"btsm2876@gmail.com"} {}
[2025-03-03 21:33:53] INFO: [Mongoose] products.find {} {}
[2025-03-03 21:33:53] INFO: Fetched all products successfully
[2025-03-03 21:33:53] INFO: Fetched all products successfully
[2025-03-03 21:34:41] INFO: [Mongoose] users.findOne {"email":"btsm2876@gmail.com"} {}
[2025-03-03 21:34:42] INFO: [Mongoose] users.updateOne {"_id":"67a541bc084d72c40c33cd7e","__v":56} {"$set":{"tokens":["eyJhbGciOiJIUzI1NiIsInR5cCI6IkpXVCJ9.eyJpZCI6IjY3YTU0MWJjMDg0ZDcyYzQwYzMzY2Q3ZSIsImVtYWlsIjoiYnRzbTI4NzZAZ21haWwuY29tIiwicm9sZSI6ImFkbWluIiwiaWF0IjoxNzQxMDM0MDgyLCJleHAiOjE3NDEyOTMyODJ9.LpxVantJZ9MIye3n17DFVpE9Eo8R55D1gtaGzHfF458"],"lastLogin":"2025-03-03T20:34:42.125Z","updatedAt":"2025-03-03T20:34:42.126Z"},"$inc":{"__v":1}}
[2025-03-03 21:34:42] INFO: [Mongoose] carts.find {} {}
[2025-03-03 21:34:42] ERROR: Order service - listAllOrder error: Invalid user information
[2025-03-03 21:34:42] ERROR: Error listing orders: Invalid user information
[2025-03-03 21:34:42] INFO: [Mongoose] products.find {} {}
[2025-03-03 21:34:42] INFO: Fetched all products successfully
[2025-03-03 21:34:42] INFO: Fetched all products successfully
[2025-03-03 21:34:46] INFO: [Mongoose] products.find {} {}
[2025-03-03 21:34:46] INFO: Fetched all products successfully
[2025-03-03 21:34:46] INFO: Fetched all products successfully
[2025-03-03 21:34:49] INFO: [Mongoose] products.find {} {}
[2025-03-03 21:34:49] INFO: Fetched all products successfully
[2025-03-03 21:34:49] INFO: Fetched all products successfully
[2025-03-03 21:35:45] INFO: [Mongoose] products.find {} {}
[2025-03-03 21:35:45] INFO: Fetched all products successfully
[2025-03-03 21:35:45] INFO: Fetched all products successfully
[2025-03-03 21:35:48] INFO: [Mongoose] products.find {} {}
[2025-03-03 21:35:48] INFO: Fetched all products successfully
[2025-03-03 21:35:48] INFO: Fetched all products successfully
[2025-03-03 21:35:48] INFO: [Mongoose] products.find {} {}
[2025-03-03 21:35:48] INFO: Fetched all products successfully
[2025-03-03 21:35:48] INFO: Fetched all products successfully
[2025-03-03 21:35:55] ERROR: Order service - listAllOrder error: Invalid user information
[2025-03-03 21:35:55] ERROR: Error listing orders: Invalid user information
[2025-03-03 21:35:56] ERROR: Order service - listAllOrder error: Invalid user information
[2025-03-03 21:35:56] ERROR: Error listing orders: Invalid user information
[2025-03-03 21:36:04] INFO: [Mongoose] products.find {} {}
[2025-03-03 21:36:04] INFO: Fetched all products successfully
[2025-03-03 21:36:04] INFO: Fetched all products successfully
[2025-03-03 21:36:04] INFO: [Mongoose] products.find {} {}
[2025-03-03 21:36:04] INFO: Fetched all products successfully
[2025-03-03 21:36:04] INFO: Fetched all products successfully
[2025-03-03 21:44:07] INFO: [Mongoose] products.find {} {}
[2025-03-03 21:44:07] INFO: Fetched all products successfully
[2025-03-03 21:44:07] INFO: Fetched all products successfully
[2025-03-03 21:44:07] INFO: [Mongoose] products.find {} {}
[2025-03-03 21:44:07] INFO: Fetched all products successfully
[2025-03-03 21:44:07] INFO: Fetched all products successfully
[2025-03-03 21:44:25] INFO: [Mongoose] products.find {} {}
[2025-03-03 21:44:25] INFO: Fetched all products successfully
[2025-03-03 21:44:25] INFO: Fetched all products successfully
[2025-03-03 21:44:25] INFO: [Mongoose] products.find {} {}
[2025-03-03 21:44:25] INFO: Fetched all products successfully
[2025-03-03 21:44:25] INFO: Fetched all products successfully
[2025-03-03 21:44:31] INFO: [Mongoose] products.find {} {}
[2025-03-03 21:44:31] INFO: Fetched all products successfully
[2025-03-03 21:44:31] INFO: Fetched all products successfully
[2025-03-03 21:44:31] INFO: [Mongoose] products.find {} {}
[2025-03-03 21:44:31] INFO: Fetched all products successfully
[2025-03-03 21:44:31] INFO: Fetched all products successfully
[2025-03-03 21:44:33] INFO: [Mongoose] products.find {} {}
[2025-03-03 21:44:33] INFO: Fetched all products successfully
[2025-03-03 21:44:33] INFO: Fetched all products successfully
[2025-03-03 21:44:33] INFO: [Mongoose] products.find {} {}
[2025-03-03 21:44:33] INFO: Fetched all products successfully
[2025-03-03 21:44:33] INFO: Fetched all products successfully
[2025-03-03 21:44:34] INFO: [Mongoose] products.find {} {}
[2025-03-03 21:44:34] INFO: Fetched all products successfully
[2025-03-03 21:44:34] INFO: Fetched all products successfully
[2025-03-03 21:44:34] INFO: [Mongoose] products.find {} {}
[2025-03-03 21:44:34] INFO: Fetched all products successfully
[2025-03-03 21:44:34] INFO: Fetched all products successfully
[2025-03-03 21:44:34] INFO: [Mongoose] products.find {} {}
[2025-03-03 21:44:34] INFO: Fetched all products successfully
[2025-03-03 21:44:34] INFO: Fetched all products successfully
[2025-03-03 21:44:34] INFO: [Mongoose] products.find {} {}
[2025-03-03 21:44:34] INFO: Fetched all products successfully
[2025-03-03 21:44:34] INFO: Fetched all products successfully
[2025-03-03 21:44:36] INFO: [Mongoose] products.find {} {}
[2025-03-03 21:44:36] INFO: Fetched all products successfully
[2025-03-03 21:44:36] INFO: Fetched all products successfully
[2025-03-03 21:44:36] INFO: [Mongoose] products.find {} {}
[2025-03-03 21:44:36] INFO: Fetched all products successfully
[2025-03-03 21:44:36] INFO: Fetched all products successfully
[2025-03-03 21:44:36] INFO: [Mongoose] products.find {} {}
[2025-03-03 21:44:36] INFO: Fetched all products successfully
[2025-03-03 21:44:36] INFO: Fetched all products successfully
[2025-03-03 21:44:36] INFO: [Mongoose] products.find {} {}
[2025-03-03 21:44:36] INFO: Fetched all products successfully
[2025-03-03 21:44:36] INFO: Fetched all products successfully
[2025-03-03 21:44:38] INFO: [Mongoose] products.find {"category":"Ornament"} {}
[2025-03-03 21:44:38] INFO: Fetched products for category: Ornament
[2025-03-03 21:44:38] INFO: Fetched products for category: Ornament
[2025-03-03 21:44:39] INFO: [Mongoose] products.find {} {}
[2025-03-03 21:44:39] INFO: Fetched all products successfully
[2025-03-03 21:44:39] INFO: Fetched all products successfully
[2025-03-03 21:44:39] INFO: [Mongoose] products.find {} {}
[2025-03-03 21:44:39] INFO: Fetched all products successfully
[2025-03-03 21:44:39] INFO: Fetched all products successfully
[2025-03-03 21:44:41] INFO: [Mongoose] products.find {"category":"Kitchen"} {}
[2025-03-03 21:44:41] INFO: Fetched products for category: Kitchen
[2025-03-03 21:44:41] INFO: Fetched products for category: Kitchen
[2025-03-03 21:44:47] INFO: [Mongoose] products.find {"category":"Dessert"} {}
[2025-03-03 21:44:47] INFO: Fetched products for category: Dessert
[2025-03-03 21:44:47] INFO: Fetched products for category: Dessert
[2025-03-03 21:45:20] INFO: [Mongoose] products.find {"category":"Dessert"} {}
[2025-03-03 21:45:20] INFO: Fetched products for category: Dessert
[2025-03-03 21:45:20] INFO: Fetched products for category: Dessert
[2025-03-03 21:46:02] INFO: [Mongoose] products.find {} {}
[2025-03-03 21:46:02] INFO: Fetched all products successfully
[2025-03-03 21:46:02] INFO: Fetched all products successfully
[2025-03-03 21:46:02] INFO: [Mongoose] products.find {} {}
[2025-03-03 21:46:02] INFO: Fetched all products successfully
[2025-03-03 21:46:02] INFO: Fetched all products successfully
[2025-03-03 21:46:21] INFO: [Mongoose] products.find {} {}
[2025-03-03 21:46:21] INFO: Fetched all products successfully
[2025-03-03 21:46:21] INFO: Fetched all products successfully
[2025-03-03 21:46:21] INFO: [Mongoose] products.find {} {}
[2025-03-03 21:46:21] INFO: Fetched all products successfully
[2025-03-03 21:46:21] INFO: Fetched all products successfully
[2025-03-03 21:46:32] INFO: [Mongoose] products.find {} {}
[2025-03-03 21:46:32] INFO: Fetched all products successfully
[2025-03-03 21:46:32] INFO: Fetched all products successfully
[2025-03-03 21:46:32] INFO: [Mongoose] products.find {} {}
[2025-03-03 21:46:32] INFO: Fetched all products successfully
[2025-03-03 21:46:32] INFO: Fetched all products successfully
[2025-03-03 21:47:24] INFO: [Mongoose] products.find {} {}
[2025-03-03 21:47:24] INFO: Fetched all products successfully
[2025-03-03 21:47:24] INFO: Fetched all products successfully
[2025-03-03 21:47:24] INFO: [Mongoose] products.find {} {}
[2025-03-03 21:47:24] INFO: Fetched all products successfully
[2025-03-03 21:47:24] INFO: Fetched all products successfully
[2025-03-03 21:47:27] INFO: [Mongoose] products.find {} {}
[2025-03-03 21:47:27] INFO: Fetched all products successfully
[2025-03-03 21:47:27] INFO: Fetched all products successfully
[2025-03-03 21:47:27] INFO: [Mongoose] products.find {} {}
[2025-03-03 21:47:27] INFO: Fetched all products successfully
[2025-03-03 21:47:27] INFO: Fetched all products successfully
[2025-03-03 21:48:07] INFO: [Mongoose] products.find {} {}
[2025-03-03 21:48:07] INFO: Fetched all products successfully
[2025-03-03 21:48:07] INFO: Fetched all products successfully
[2025-03-03 21:48:07] INFO: [Mongoose] products.find {} {}
[2025-03-03 21:48:07] INFO: Fetched all products successfully
[2025-03-03 21:48:07] INFO: Fetched all products successfully
[2025-03-03 21:49:09] INFO: [Mongoose] users.findOne {"email":"oparagregory7@gmail.com"} {}
[2025-03-03 21:49:25] INFO: [Mongoose] users.findOne {"email":"oparagregory7@gmail.com"} {}
[2025-03-03 21:49:25] INFO: [Mongoose] users.updateOne {"_id":"67ae080d12f607fef6d91c1c","__v":4} {"$set":{"tokens":["eyJhbGciOiJIUzI1NiIsInR5cCI6IkpXVCJ9.eyJpZCI6IjY3YWUwODBkMTJmNjA3ZmVmNmQ5MWMxYyIsImVtYWlsIjoib3BhcmFncmVnb3J5N0BnbWFpbC5jb20iLCJyb2xlIjoidXNlciIsImlhdCI6MTc0MTAzNDk2NSwiZXhwIjoxNzQxMjk0MTY1fQ.MONAIvwo00Ju04dyGECsY3kEiUTgILRDE3MYHUOwL-0"],"lastLogin":"2025-03-03T20:49:25.654Z","updatedAt":"2025-03-03T20:49:25.654Z"},"$inc":{"__v":1}}
[2025-03-03 21:49:38] INFO: [Mongoose] carts.find {} {}
[2025-03-03 21:49:38] ERROR: Order service - listAllOrder error: Invalid user information
[2025-03-03 21:49:38] ERROR: Error listing orders: Invalid user information
[2025-03-03 21:49:39] INFO: [Mongoose] products.find {} {}
[2025-03-03 21:49:39] INFO: Fetched all products successfully
[2025-03-03 21:49:39] INFO: Fetched all products successfully
[2025-03-03 21:50:06] INFO: [Mongoose] products.find {} {}
[2025-03-03 21:50:06] INFO: Fetched all products successfully
[2025-03-03 21:50:06] INFO: Fetched all products successfully
[2025-03-03 21:50:16] INFO: [Mongoose] products.find {} {}
[2025-03-03 21:50:16] INFO: Fetched all products successfully
[2025-03-03 21:50:16] INFO: Fetched all products successfully
[2025-03-03 22:02:06] INFO: [Mongoose] products.find {} {}
[2025-03-03 22:02:06] INFO: Fetched all products successfully
[2025-03-03 22:02:06] INFO: Fetched all products successfully
[2025-03-03 22:02:09] INFO: [Mongoose] products.find {} {}
[2025-03-03 22:02:09] INFO: Fetched all products successfully
[2025-03-03 22:02:09] INFO: Fetched all products successfully
[2025-03-03 22:02:29] INFO: [Mongoose] products.find {} {}
[2025-03-03 22:02:29] INFO: Fetched all products successfully
[2025-03-03 22:02:29] INFO: Fetched all products successfully
[2025-03-03 22:12:20] INFO: [Mongoose] products.find {} {}
[2025-03-03 22:12:20] INFO: Fetched all products successfully
[2025-03-03 22:12:20] INFO: Fetched all products successfully
[2025-03-03 22:12:25] INFO: [Mongoose] products.find {} {}
[2025-03-03 22:12:25] INFO: Fetched all products successfully
[2025-03-03 22:12:25] INFO: Fetched all products successfully
[2025-03-03 22:12:57] INFO: [Mongoose] products.find {} {}
[2025-03-03 22:12:57] INFO: Fetched all products successfully
[2025-03-03 22:12:57] INFO: Fetched all products successfully
[2025-03-03 22:13:18] INFO: [Mongoose] products.find {} {}
[2025-03-03 22:13:18] INFO: Fetched all products successfully
[2025-03-03 22:13:18] INFO: Fetched all products successfully
[2025-03-03 22:13:33] INFO: [Mongoose] products.find {} {}
[2025-03-03 22:13:33] INFO: Fetched all products successfully
[2025-03-03 22:13:33] INFO: Fetched all products successfully
[2025-03-03 22:13:40] INFO: [Mongoose] products.find {} {}
[2025-03-03 22:13:40] INFO: Fetched all products successfully
[2025-03-03 22:13:40] INFO: Fetched all products successfully
[2025-03-03 22:15:40] INFO: [Mongoose] users.findOne {"email":"oparagregory7@gmail.com"} {}
[2025-03-03 22:15:40] INFO: [Mongoose] users.updateOne {"_id":"67ae080d12f607fef6d91c1c","__v":5} {"$set":{"tokens":["eyJhbGciOiJIUzI1NiIsInR5cCI6IkpXVCJ9.eyJpZCI6IjY3YWUwODBkMTJmNjA3ZmVmNmQ5MWMxYyIsImVtYWlsIjoib3BhcmFncmVnb3J5N0BnbWFpbC5jb20iLCJyb2xlIjoidXNlciIsImlhdCI6MTc0MTAzNjU0MCwiZXhwIjoxNzQxMjk1NzQwfQ.pMZMzk8Cr6-_Bo03OOAc8bBOXGgARytAQQ-c8qjWSOQ"],"lastLogin":"2025-03-03T21:15:40.955Z","updatedAt":"2025-03-03T21:15:40.956Z"},"$inc":{"__v":1}}
[2025-03-03 22:15:42] INFO: [Mongoose] carts.find {} {}
[2025-03-03 22:15:42] ERROR: Order service - listAllOrder error: Invalid user information
[2025-03-03 22:15:42] ERROR: Error listing orders: Invalid user information
[2025-03-03 22:15:42] INFO: [Mongoose] products.find {} {}
[2025-03-03 22:15:42] INFO: Fetched all products successfully
[2025-03-03 22:15:42] INFO: Fetched all products successfully
[2025-03-03 22:16:46] INFO: [Mongoose] products.find {} {}
[2025-03-03 22:16:46] INFO: Fetched all products successfully
[2025-03-03 22:16:46] INFO: Fetched all products successfully
[2025-03-03 22:16:57] INFO: [Mongoose] products.find {} {}
[2025-03-03 22:16:57] INFO: Fetched all products successfully
[2025-03-03 22:16:57] INFO: Fetched all products successfully
[2025-03-03 22:17:25] INFO: [Mongoose] products.find {} {}
[2025-03-03 22:17:25] INFO: Fetched all products successfully
[2025-03-03 22:17:25] INFO: Fetched all products successfully
[2025-03-03 22:17:38] INFO: [Mongoose] products.find {} {}
[2025-03-03 22:17:38] INFO: Fetched all products successfully
[2025-03-03 22:17:38] INFO: Fetched all products successfully
[2025-03-03 22:18:09] INFO: [Mongoose] products.find {} {}
[2025-03-03 22:18:09] INFO: Fetched all products successfully
[2025-03-03 22:18:09] INFO: Fetched all products successfully
[2025-03-03 22:18:20] INFO: [Mongoose] products.find {} {}
[2025-03-03 22:18:20] INFO: Fetched all products successfully
[2025-03-03 22:18:20] INFO: Fetched all products successfully
[2025-03-03 22:19:17] INFO: [Mongoose] products.find {} {}
[2025-03-03 22:19:17] INFO: Fetched all products successfully
[2025-03-03 22:19:17] INFO: Fetched all products successfully
[2025-03-03 22:19:21] INFO: [Mongoose] products.find {} {}
[2025-03-03 22:19:21] INFO: Fetched all products successfully
[2025-03-03 22:19:21] INFO: Fetched all products successfully
[2025-03-03 22:19:46] INFO: [Mongoose] products.find {} {}
[2025-03-03 22:19:46] INFO: Fetched all products successfully
[2025-03-03 22:19:46] INFO: Fetched all products successfully
[2025-03-03 22:19:51] INFO: [Mongoose] products.find {} {}
[2025-03-03 22:19:51] INFO: Fetched all products successfully
[2025-03-03 22:19:51] INFO: Fetched all products successfully
[2025-03-03 22:20:03] INFO: [Mongoose] products.find {} {}
[2025-03-03 22:20:03] INFO: Fetched all products successfully
[2025-03-03 22:20:03] INFO: Fetched all products successfully
[2025-03-03 22:20:05] INFO: [Mongoose] products.find {} {}
[2025-03-03 22:20:05] INFO: Fetched all products successfully
[2025-03-03 22:20:05] INFO: Fetched all products successfully
[2025-03-03 22:20:10] INFO: [Mongoose] products.find {} {}
[2025-03-03 22:20:10] INFO: Fetched all products successfully
[2025-03-03 22:20:10] INFO: Fetched all products successfully
[2025-03-03 22:20:18] INFO: [Mongoose] products.find {} {}
[2025-03-03 22:20:18] INFO: Fetched all products successfully
[2025-03-03 22:20:18] INFO: Fetched all products successfully
[2025-03-03 22:20:38] INFO: [Mongoose] products.find {} {}
[2025-03-03 22:20:38] INFO: Fetched all products successfully
[2025-03-03 22:20:38] INFO: Fetched all products successfully
[2025-03-03 22:20:57] INFO: [Mongoose] products.find {} {}
[2025-03-03 22:20:57] INFO: Fetched all products successfully
[2025-03-03 22:20:57] INFO: Fetched all products successfully
[2025-03-03 22:21:01] INFO: [Mongoose] products.find {} {}
[2025-03-03 22:21:01] INFO: Fetched all products successfully
[2025-03-03 22:21:01] INFO: Fetched all products successfully
[2025-03-03 22:21:25] INFO: [Mongoose] products.find {} {}
[2025-03-03 22:21:25] INFO: Fetched all products successfully
[2025-03-03 22:21:25] INFO: Fetched all products successfully
[2025-03-03 22:21:33] INFO: [Mongoose] products.find {} {}
[2025-03-03 22:21:33] INFO: Fetched all products successfully
[2025-03-03 22:21:33] INFO: Fetched all products successfully
[2025-03-03 22:21:50] INFO: [Mongoose] products.find {} {}
[2025-03-03 22:21:50] INFO: Fetched all products successfully
[2025-03-03 22:21:50] INFO: Fetched all products successfully
[2025-03-03 22:21:58] INFO: [Mongoose] products.find {} {}
[2025-03-03 22:21:58] INFO: Fetched all products successfully
[2025-03-03 22:21:58] INFO: Fetched all products successfully
[2025-03-03 22:22:24] INFO: [Mongoose] products.find {} {}
[2025-03-03 22:22:24] INFO: Fetched all products successfully
[2025-03-03 22:22:24] INFO: Fetched all products successfully
[2025-03-03 22:23:52] INFO: [Mongoose] products.find {} {}
[2025-03-03 22:23:52] INFO: Fetched all products successfully
[2025-03-03 22:23:52] INFO: Fetched all products successfully
[2025-03-03 22:23:54] INFO: [Mongoose] products.find {} {}
[2025-03-03 22:23:54] INFO: Fetched all products successfully
[2025-03-03 22:23:54] INFO: Fetched all products successfully
[2025-03-03 22:23:56] INFO: [Mongoose] products.find {} {}
[2025-03-03 22:23:56] INFO: Fetched all products successfully
[2025-03-03 22:23:56] INFO: Fetched all products successfully
[2025-03-03 22:23:58] INFO: [Mongoose] products.find {} {}
[2025-03-03 22:23:58] INFO: Fetched all products successfully
[2025-03-03 22:23:58] INFO: Fetched all products successfully
[2025-03-03 22:24:03] INFO: [Mongoose] products.find {} {}
[2025-03-03 22:24:03] INFO: Fetched all products successfully
[2025-03-03 22:24:03] INFO: Fetched all products successfully
[2025-03-03 22:24:26] INFO: [Mongoose] products.find {} {}
[2025-03-03 22:24:26] INFO: Fetched all products successfully
[2025-03-03 22:24:26] INFO: Fetched all products successfully
[2025-03-03 22:25:14] INFO: [Mongoose] products.find {} {}
[2025-03-03 22:25:14] INFO: Fetched all products successfully
[2025-03-03 22:25:14] INFO: Fetched all products successfully
[2025-03-03 22:30:04] INFO: [Mongoose] products.find {} {}
[2025-03-03 22:30:04] INFO: Fetched all products successfully
[2025-03-03 22:30:04] INFO: Fetched all products successfully
[2025-03-03 22:30:33] INFO: [Mongoose] products.find {} {}
[2025-03-03 22:30:33] INFO: Fetched all products successfully
[2025-03-03 22:30:33] INFO: Fetched all products successfully
[2025-03-03 22:31:07] INFO: [Mongoose] products.find {} {}
[2025-03-03 22:31:07] INFO: Fetched all products successfully
[2025-03-03 22:31:07] INFO: Fetched all products successfully
